<?xml version="1.0" encoding="UTF-8"?>
<!-- Generated by org.testng.reporters.JUnitXMLReporter -->
<testsuite ignored="0" hostname="DESKTOP-DC5U0BQ" failures="0" tests="3" name="Book_Service_test" time="346.374" errors="0" timestamp="2023-10-10T12:52:21 IST">
  <testcase classname="Page_Test.Book_Service_test" name="TC109_previous_service_info" time="122.758"/>
  <testcase classname="Page_Test.Book_Service_test" name="TC110_Book_service" time="99.278"/>
  <testcase classname="Page_Test.Book_Service_test" name="TC111_Review_Service_Details" time="18.7"/>
</testsuite> <!-- Book_Service_test -->
