<?xml version="1.0" encoding="UTF-8"?>
<!-- Generated by org.testng.reporters.JUnitXMLReporter -->
<testsuite ignored="0" hostname="Apples-MacBook-Pro.local" failures="7" tests="26" name="Home_Page_Test" time="1479.324" errors="0" timestamp="2025-03-19T19:21:05 IST">
  <testcase classname="Page_Test.Home_Page_Test" name="TC019_Home_page_verify" time="157.657"/>
  <testcase classname="Page_Test.Home_Page_Test" name="TC020_verify_SOS" time="38.689"/>
  <testcase classname="Page_Test.Home_Page_Test" name="TC021_verify_Navigate" time="40.047"/>
  <testcase classname="Page_Test.Home_Page_Test" name="TC022_verify_Exchange" time="41.453"/>
  <testcase classname="Page_Test.Home_Page_Test" name="TC023_verify_Vehicle_details" time="26.671"/>
  <testcase classname="Page_Test.Home_Page_Test" name="TC024_verify_Vehicle_condition" time="52.598"/>
  <testcase classname="Page_Test.Home_Page_Test" name="TC025_verify_Vehicle_valution" time="114.494"/>
  <testcase classname="Page_Test.Home_Page_Test" name="TC026_Verify_RC_Documents" time="52.166"/>
  <testcase classname="Page_Test.Home_Page_Test" name="TC027_Verify_Insurance_Documents" time="47.067"/>
  <testcase classname="Page_Test.Home_Page_Test" name="TC028_Verify_PUC_Documents" time="36.281"/>
  <testcase classname="Page_Test.Home_Page_Test" name="TC029_Verify_Challans_Documents" time="14.996"/>
  <testcase classname="Page_Test.Home_Page_Test" name="TC030_Verify_Relationship_Manager" time="24.573"/>
  <testcase classname="Page_Test.Home_Page_Test" name="TC031_Verify_RSA" time="271.352"/>
  <testcase classname="Page_Test.Home_Page_Test" name="TC032_Renew_RSA" time="30.321"/>
  <testcase classname="Page_Test.Home_Page_Test" name="TC033_frequently_asked_questions" time="27.015"/>
  <testcase classname="Page_Test.Home_Page_Test" name="TC034_Verify_Technical_Support_Manager" time="35.843"/>
  <testcase classname="Page_Test.Home_Page_Test" name="TC035_Verify_Dealer_Locator" time="10.09"/>
  <testcase classname="Page_Test.Home_Page_Test" name="TC037_View_dealer_name_and_address" time="21.147"/>
  <testcase classname="Page_Test.Home_Page_Test" name="TC038_verify_Service_at_home_page" time="28.664">
    <failure type="java.lang.RuntimeException" message="org.openqa.selenium.NoSuchElementException: An element could not be located on the page using the given search parameters.
For documentation on this error, please visit: https://selenium.dev/exceptions/#no_such_element
Build info: version: &amp;apos;4.8.1&amp;apos;, revision: &amp;apos;8ebccac989&amp;apos;
System info: os.name: &amp;apos;Mac OS X&amp;apos;, os.arch: &amp;apos;x86_64&amp;apos;, os.version: &amp;apos;15.3.1&amp;apos;, java.version: &amp;apos;21.0.6&amp;apos;
Driver info: io.appium.java_client.ios.IOSDriver
Command: [2d527b15-3d3a-4bc4-b775-e98d51d71e27, findElement {using=xpath, value=//XCUIElementTypeStaticText[@name=&amp;apos;View Details &amp;apos;]}]
Capabilities {appium:autoAcceptAlerts: true, appium:automationName: XCUITest, appium:bundleID: com.customerapp.hero, appium:bundleId: com.customerapp.hero, appium:databaseEnabled: false, appium:derivedDataPath: /Users/ltadmin/Documents/ap..., appium:deviceName: iPhone 14 Pro, appium:headless: false, appium:javascriptEnabled: true, appium:locationContextEnabled: false, appium:mode: cloud, appium:nativeWebScreenshot: true, appium:networkConnectionEnabled: false, appium:newCommandTimeout: 0, appium:noReset: false, appium:orientation: PORTRAIT, appium:platformVersion: 16, appium:realDevice: true, appium:takesScreenshot: true, appium:udid: 00008120-001179810A33401E, appium:uiautomator2ServerLaunchTimeout: 60000, appium:usePrebuiltWDA: true, appium:waitForQuiescence: false, appium:wdaLocalPort: 11329, appium:wdaRemotePort: 8100, appium:wdaStartupRetries: 3, appium:webStorageEnabled: false, appium:webkitResponseTimeout: 20000, platformName: IOS}
Session ID: 2d527b15-3d3a-4bc4-b775-e98d51d71e27">
      <![CDATA[java.lang.RuntimeException: org.openqa.selenium.NoSuchElementException: An element could not be located on the page using the given search parameters.
For documentation on this error, please visit: https://selenium.dev/exceptions/#no_such_element
Build info: version: '4.8.1', revision: '8ebccac989'
System info: os.name: 'Mac OS X', os.arch: 'x86_64', os.version: '15.3.1', java.version: '21.0.6'
Driver info: io.appium.java_client.ios.IOSDriver
Command: [2d527b15-3d3a-4bc4-b775-e98d51d71e27, findElement {using=xpath, value=//XCUIElementTypeStaticText[@name='View Details ']}]
Capabilities {appium:autoAcceptAlerts: true, appium:automationName: XCUITest, appium:bundleID: com.customerapp.hero, appium:bundleId: com.customerapp.hero, appium:databaseEnabled: false, appium:derivedDataPath: /Users/ltadmin/Documents/ap..., appium:deviceName: iPhone 14 Pro, appium:headless: false, appium:javascriptEnabled: true, appium:locationContextEnabled: false, appium:mode: cloud, appium:nativeWebScreenshot: true, appium:networkConnectionEnabled: false, appium:newCommandTimeout: 0, appium:noReset: false, appium:orientation: PORTRAIT, appium:platformVersion: 16, appium:realDevice: true, appium:takesScreenshot: true, appium:udid: 00008120-001179810A33401E, appium:uiautomator2ServerLaunchTimeout: 60000, appium:usePrebuiltWDA: true, appium:waitForQuiescence: false, appium:wdaLocalPort: 11329, appium:wdaRemotePort: 8100, appium:wdaStartupRetries: 3, appium:webStorageEnabled: false, appium:webkitResponseTimeout: 20000, platformName: IOS}
Session ID: 2d527b15-3d3a-4bc4-b775-e98d51d71e27
at com.utility.Base_Utility.Custom_click(Base_Utility.java:306)
at Page_Test.Home_Page_Test.TC038_verify_Service_at_home_page(Home_Page_Test.java:440)
at java.base/java.util.ArrayList.forEach(ArrayList.java:1596)
Caused by: org.openqa.selenium.NoSuchElementException: An element could not be located on the page using the given search parameters.
For documentation on this error, please visit: https://selenium.dev/exceptions/#no_such_element
Build info: version: '4.8.1', revision: '8ebccac989'
System info: os.name: 'Mac OS X', os.arch: 'x86_64', os.version: '15.3.1', java.version: '21.0.6'
Driver info: io.appium.java_client.ios.IOSDriver
Command: [2d527b15-3d3a-4bc4-b775-e98d51d71e27, findElement {using=xpath, value=//XCUIElementTypeStaticText[@name='View Details ']}]
Capabilities {appium:autoAcceptAlerts: true, appium:automationName: XCUITest, appium:bundleID: com.customerapp.hero, appium:bundleId: com.customerapp.hero, appium:databaseEnabled: false, appium:derivedDataPath: /Users/ltadmin/Documents/ap..., appium:deviceName: iPhone 14 Pro, appium:headless: false, appium:javascriptEnabled: true, appium:locationContextEnabled: false, appium:mode: cloud, appium:nativeWebScreenshot: true, appium:networkConnectionEnabled: false, appium:newCommandTimeout: 0, appium:noReset: false, appium:orientation: PORTRAIT, appium:platformVersion: 16, appium:realDevice: true, appium:takesScreenshot: true, appium:udid: 00008120-001179810A33401E, appium:uiautomator2ServerLaunchTimeout: 60000, appium:usePrebuiltWDA: true, appium:waitForQuiescence: false, appium:wdaLocalPort: 11329, appium:wdaRemotePort: 8100, appium:wdaStartupRetries: 3, appium:webStorageEnabled: false, appium:webkitResponseTimeout: 20000, platformName: IOS}
Session ID: 2d527b15-3d3a-4bc4-b775-e98d51d71e27
at org.openqa.selenium.remote.codec.w3c.W3CHttpResponseCodec.createException(W3CHttpResponseCodec.java:200)
at org.openqa.selenium.remote.codec.w3c.W3CHttpResponseCodec.decode(W3CHttpResponseCodec.java:133)
at org.openqa.selenium.remote.codec.w3c.W3CHttpResponseCodec.decode(W3CHttpResponseCodec.java:53)
at org.openqa.selenium.remote.HttpCommandExecutor.execute(HttpCommandExecutor.java:184)
at io.appium.java_client.remote.AppiumCommandExecutor.execute(AppiumCommandExecutor.java:262)
at org.openqa.selenium.remote.RemoteWebDriver.execute(RemoteWebDriver.java:543)
at org.openqa.selenium.remote.ElementLocation$ElementFinder$2.findElement(ElementLocation.java:162)
at org.openqa.selenium.remote.ElementLocation.findElement(ElementLocation.java:60)
at org.openqa.selenium.remote.RemoteWebDriver.findElement(RemoteWebDriver.java:352)
at org.openqa.selenium.remote.RemoteWebDriver.findElement(RemoteWebDriver.java:344)
at org.openqa.selenium.support.pagefactory.DefaultElementLocator.findElement(DefaultElementLocator.java:70)
at org.openqa.selenium.support.pagefactory.internal.LocatingElementHandler.invoke(LocatingElementHandler.java:39)
at jdk.proxy2/jdk.proxy2.$Proxy34.isDisplayed(Unknown Source)
at com.utility.Base_Utility.Custom_click(Base_Utility.java:288)
... 27 more
... Removed 28 stack frames]]>
    </failure>
  </testcase> <!-- TC038_verify_Service_at_home_page -->
  <testcase classname="Page_Test.Home_Page_Test" name="TC039_Helmets_in_PAM" time="45.638">
    <failure type="java.lang.RuntimeException" message="org.openqa.selenium.NoSuchElementException: An element could not be located on the page using the given search parameters.
For documentation on this error, please visit: https://selenium.dev/exceptions/#no_such_element
Build info: version: &amp;apos;4.8.1&amp;apos;, revision: &amp;apos;8ebccac989&amp;apos;
System info: os.name: &amp;apos;Mac OS X&amp;apos;, os.arch: &amp;apos;x86_64&amp;apos;, os.version: &amp;apos;15.3.1&amp;apos;, java.version: &amp;apos;21.0.6&amp;apos;
Driver info: io.appium.java_client.ios.IOSDriver
Command: [2d527b15-3d3a-4bc4-b775-e98d51d71e27, findElement {using=xpath, value=//XCUIElementTypeButton[@name=&amp;apos;Back&amp;apos;]}]
Capabilities {appium:autoAcceptAlerts: true, appium:automationName: XCUITest, appium:bundleID: com.customerapp.hero, appium:bundleId: com.customerapp.hero, appium:databaseEnabled: false, appium:derivedDataPath: /Users/ltadmin/Documents/ap..., appium:deviceName: iPhone 14 Pro, appium:headless: false, appium:javascriptEnabled: true, appium:locationContextEnabled: false, appium:mode: cloud, appium:nativeWebScreenshot: true, appium:networkConnectionEnabled: false, appium:newCommandTimeout: 0, appium:noReset: false, appium:orientation: PORTRAIT, appium:platformVersion: 16, appium:realDevice: true, appium:takesScreenshot: true, appium:udid: 00008120-001179810A33401E, appium:uiautomator2ServerLaunchTimeout: 60000, appium:usePrebuiltWDA: true, appium:waitForQuiescence: false, appium:wdaLocalPort: 11329, appium:wdaRemotePort: 8100, appium:wdaStartupRetries: 3, appium:webStorageEnabled: false, appium:webkitResponseTimeout: 20000, platformName: IOS}
Session ID: 2d527b15-3d3a-4bc4-b775-e98d51d71e27">
      <![CDATA[java.lang.RuntimeException: org.openqa.selenium.NoSuchElementException: An element could not be located on the page using the given search parameters.
For documentation on this error, please visit: https://selenium.dev/exceptions/#no_such_element
Build info: version: '4.8.1', revision: '8ebccac989'
System info: os.name: 'Mac OS X', os.arch: 'x86_64', os.version: '15.3.1', java.version: '21.0.6'
Driver info: io.appium.java_client.ios.IOSDriver
Command: [2d527b15-3d3a-4bc4-b775-e98d51d71e27, findElement {using=xpath, value=//XCUIElementTypeButton[@name='Back']}]
Capabilities {appium:autoAcceptAlerts: true, appium:automationName: XCUITest, appium:bundleID: com.customerapp.hero, appium:bundleId: com.customerapp.hero, appium:databaseEnabled: false, appium:derivedDataPath: /Users/ltadmin/Documents/ap..., appium:deviceName: iPhone 14 Pro, appium:headless: false, appium:javascriptEnabled: true, appium:locationContextEnabled: false, appium:mode: cloud, appium:nativeWebScreenshot: true, appium:networkConnectionEnabled: false, appium:newCommandTimeout: 0, appium:noReset: false, appium:orientation: PORTRAIT, appium:platformVersion: 16, appium:realDevice: true, appium:takesScreenshot: true, appium:udid: 00008120-001179810A33401E, appium:uiautomator2ServerLaunchTimeout: 60000, appium:usePrebuiltWDA: true, appium:waitForQuiescence: false, appium:wdaLocalPort: 11329, appium:wdaRemotePort: 8100, appium:wdaStartupRetries: 3, appium:webStorageEnabled: false, appium:webkitResponseTimeout: 20000, platformName: IOS}
Session ID: 2d527b15-3d3a-4bc4-b775-e98d51d71e27
at com.utility.Base_Utility.Custom_click(Base_Utility.java:306)
at Page_Test.Home_Page_Test.TC039_Helmets_in_PAM(Home_Page_Test.java:492)
at java.base/java.util.ArrayList.forEach(ArrayList.java:1596)
Caused by: org.openqa.selenium.NoSuchElementException: An element could not be located on the page using the given search parameters.
For documentation on this error, please visit: https://selenium.dev/exceptions/#no_such_element
Build info: version: '4.8.1', revision: '8ebccac989'
System info: os.name: 'Mac OS X', os.arch: 'x86_64', os.version: '15.3.1', java.version: '21.0.6'
Driver info: io.appium.java_client.ios.IOSDriver
Command: [2d527b15-3d3a-4bc4-b775-e98d51d71e27, findElement {using=xpath, value=//XCUIElementTypeButton[@name='Back']}]
Capabilities {appium:autoAcceptAlerts: true, appium:automationName: XCUITest, appium:bundleID: com.customerapp.hero, appium:bundleId: com.customerapp.hero, appium:databaseEnabled: false, appium:derivedDataPath: /Users/ltadmin/Documents/ap..., appium:deviceName: iPhone 14 Pro, appium:headless: false, appium:javascriptEnabled: true, appium:locationContextEnabled: false, appium:mode: cloud, appium:nativeWebScreenshot: true, appium:networkConnectionEnabled: false, appium:newCommandTimeout: 0, appium:noReset: false, appium:orientation: PORTRAIT, appium:platformVersion: 16, appium:realDevice: true, appium:takesScreenshot: true, appium:udid: 00008120-001179810A33401E, appium:uiautomator2ServerLaunchTimeout: 60000, appium:usePrebuiltWDA: true, appium:waitForQuiescence: false, appium:wdaLocalPort: 11329, appium:wdaRemotePort: 8100, appium:wdaStartupRetries: 3, appium:webStorageEnabled: false, appium:webkitResponseTimeout: 20000, platformName: IOS}
Session ID: 2d527b15-3d3a-4bc4-b775-e98d51d71e27
at org.openqa.selenium.remote.codec.w3c.W3CHttpResponseCodec.createException(W3CHttpResponseCodec.java:200)
at org.openqa.selenium.remote.codec.w3c.W3CHttpResponseCodec.decode(W3CHttpResponseCodec.java:133)
at org.openqa.selenium.remote.codec.w3c.W3CHttpResponseCodec.decode(W3CHttpResponseCodec.java:53)
at org.openqa.selenium.remote.HttpCommandExecutor.execute(HttpCommandExecutor.java:184)
at io.appium.java_client.remote.AppiumCommandExecutor.execute(AppiumCommandExecutor.java:262)
at org.openqa.selenium.remote.RemoteWebDriver.execute(RemoteWebDriver.java:543)
at org.openqa.selenium.remote.ElementLocation$ElementFinder$2.findElement(ElementLocation.java:162)
at org.openqa.selenium.remote.ElementLocation.findElement(ElementLocation.java:60)
at org.openqa.selenium.remote.RemoteWebDriver.findElement(RemoteWebDriver.java:352)
at org.openqa.selenium.remote.RemoteWebDriver.findElement(RemoteWebDriver.java:344)
at org.openqa.selenium.support.pagefactory.DefaultElementLocator.findElement(DefaultElementLocator.java:70)
at org.openqa.selenium.support.pagefactory.internal.LocatingElementHandler.invoke(LocatingElementHandler.java:39)
at jdk.proxy2/jdk.proxy2.$Proxy34.isDisplayed(Unknown Source)
at com.utility.Base_Utility.Custom_click(Base_Utility.java:288)
... 27 more
... Removed 28 stack frames]]>
    </failure>
  </testcase> <!-- TC039_Helmets_in_PAM -->
  <testcase classname="Page_Test.Home_Page_Test" name="TC040_Lubricant_in_PAM" time="45.81">
    <failure type="java.lang.RuntimeException" message="org.openqa.selenium.NoSuchElementException: An element could not be located on the page using the given search parameters.
For documentation on this error, please visit: https://selenium.dev/exceptions/#no_such_element
Build info: version: &amp;apos;4.8.1&amp;apos;, revision: &amp;apos;8ebccac989&amp;apos;
System info: os.name: &amp;apos;Mac OS X&amp;apos;, os.arch: &amp;apos;x86_64&amp;apos;, os.version: &amp;apos;15.3.1&amp;apos;, java.version: &amp;apos;21.0.6&amp;apos;
Driver info: io.appium.java_client.ios.IOSDriver
Command: [2d527b15-3d3a-4bc4-b775-e98d51d71e27, findElement {using=xpath, value=//XCUIElementTypeButton[@name=&amp;apos;Back&amp;apos;]}]
Capabilities {appium:autoAcceptAlerts: true, appium:automationName: XCUITest, appium:bundleID: com.customerapp.hero, appium:bundleId: com.customerapp.hero, appium:databaseEnabled: false, appium:derivedDataPath: /Users/ltadmin/Documents/ap..., appium:deviceName: iPhone 14 Pro, appium:headless: false, appium:javascriptEnabled: true, appium:locationContextEnabled: false, appium:mode: cloud, appium:nativeWebScreenshot: true, appium:networkConnectionEnabled: false, appium:newCommandTimeout: 0, appium:noReset: false, appium:orientation: PORTRAIT, appium:platformVersion: 16, appium:realDevice: true, appium:takesScreenshot: true, appium:udid: 00008120-001179810A33401E, appium:uiautomator2ServerLaunchTimeout: 60000, appium:usePrebuiltWDA: true, appium:waitForQuiescence: false, appium:wdaLocalPort: 11329, appium:wdaRemotePort: 8100, appium:wdaStartupRetries: 3, appium:webStorageEnabled: false, appium:webkitResponseTimeout: 20000, platformName: IOS}
Session ID: 2d527b15-3d3a-4bc4-b775-e98d51d71e27">
      <![CDATA[java.lang.RuntimeException: org.openqa.selenium.NoSuchElementException: An element could not be located on the page using the given search parameters.
For documentation on this error, please visit: https://selenium.dev/exceptions/#no_such_element
Build info: version: '4.8.1', revision: '8ebccac989'
System info: os.name: 'Mac OS X', os.arch: 'x86_64', os.version: '15.3.1', java.version: '21.0.6'
Driver info: io.appium.java_client.ios.IOSDriver
Command: [2d527b15-3d3a-4bc4-b775-e98d51d71e27, findElement {using=xpath, value=//XCUIElementTypeButton[@name='Back']}]
Capabilities {appium:autoAcceptAlerts: true, appium:automationName: XCUITest, appium:bundleID: com.customerapp.hero, appium:bundleId: com.customerapp.hero, appium:databaseEnabled: false, appium:derivedDataPath: /Users/ltadmin/Documents/ap..., appium:deviceName: iPhone 14 Pro, appium:headless: false, appium:javascriptEnabled: true, appium:locationContextEnabled: false, appium:mode: cloud, appium:nativeWebScreenshot: true, appium:networkConnectionEnabled: false, appium:newCommandTimeout: 0, appium:noReset: false, appium:orientation: PORTRAIT, appium:platformVersion: 16, appium:realDevice: true, appium:takesScreenshot: true, appium:udid: 00008120-001179810A33401E, appium:uiautomator2ServerLaunchTimeout: 60000, appium:usePrebuiltWDA: true, appium:waitForQuiescence: false, appium:wdaLocalPort: 11329, appium:wdaRemotePort: 8100, appium:wdaStartupRetries: 3, appium:webStorageEnabled: false, appium:webkitResponseTimeout: 20000, platformName: IOS}
Session ID: 2d527b15-3d3a-4bc4-b775-e98d51d71e27
at com.utility.Base_Utility.Custom_click(Base_Utility.java:306)
at Page_Test.Home_Page_Test.TC040_Lubricant_in_PAM(Home_Page_Test.java:529)
at java.base/java.util.ArrayList.forEach(ArrayList.java:1596)
Caused by: org.openqa.selenium.NoSuchElementException: An element could not be located on the page using the given search parameters.
For documentation on this error, please visit: https://selenium.dev/exceptions/#no_such_element
Build info: version: '4.8.1', revision: '8ebccac989'
System info: os.name: 'Mac OS X', os.arch: 'x86_64', os.version: '15.3.1', java.version: '21.0.6'
Driver info: io.appium.java_client.ios.IOSDriver
Command: [2d527b15-3d3a-4bc4-b775-e98d51d71e27, findElement {using=xpath, value=//XCUIElementTypeButton[@name='Back']}]
Capabilities {appium:autoAcceptAlerts: true, appium:automationName: XCUITest, appium:bundleID: com.customerapp.hero, appium:bundleId: com.customerapp.hero, appium:databaseEnabled: false, appium:derivedDataPath: /Users/ltadmin/Documents/ap..., appium:deviceName: iPhone 14 Pro, appium:headless: false, appium:javascriptEnabled: true, appium:locationContextEnabled: false, appium:mode: cloud, appium:nativeWebScreenshot: true, appium:networkConnectionEnabled: false, appium:newCommandTimeout: 0, appium:noReset: false, appium:orientation: PORTRAIT, appium:platformVersion: 16, appium:realDevice: true, appium:takesScreenshot: true, appium:udid: 00008120-001179810A33401E, appium:uiautomator2ServerLaunchTimeout: 60000, appium:usePrebuiltWDA: true, appium:waitForQuiescence: false, appium:wdaLocalPort: 11329, appium:wdaRemotePort: 8100, appium:wdaStartupRetries: 3, appium:webStorageEnabled: false, appium:webkitResponseTimeout: 20000, platformName: IOS}
Session ID: 2d527b15-3d3a-4bc4-b775-e98d51d71e27
at org.openqa.selenium.remote.codec.w3c.W3CHttpResponseCodec.createException(W3CHttpResponseCodec.java:200)
at org.openqa.selenium.remote.codec.w3c.W3CHttpResponseCodec.decode(W3CHttpResponseCodec.java:133)
at org.openqa.selenium.remote.codec.w3c.W3CHttpResponseCodec.decode(W3CHttpResponseCodec.java:53)
at org.openqa.selenium.remote.HttpCommandExecutor.execute(HttpCommandExecutor.java:184)
at io.appium.java_client.remote.AppiumCommandExecutor.execute(AppiumCommandExecutor.java:262)
at org.openqa.selenium.remote.RemoteWebDriver.execute(RemoteWebDriver.java:543)
at org.openqa.selenium.remote.ElementLocation$ElementFinder$2.findElement(ElementLocation.java:162)
at org.openqa.selenium.remote.ElementLocation.findElement(ElementLocation.java:60)
at org.openqa.selenium.remote.RemoteWebDriver.findElement(RemoteWebDriver.java:352)
at org.openqa.selenium.remote.RemoteWebDriver.findElement(RemoteWebDriver.java:344)
at org.openqa.selenium.support.pagefactory.DefaultElementLocator.findElement(DefaultElementLocator.java:70)
at org.openqa.selenium.support.pagefactory.internal.LocatingElementHandler.invoke(LocatingElementHandler.java:39)
at jdk.proxy2/jdk.proxy2.$Proxy34.isDisplayed(Unknown Source)
at com.utility.Base_Utility.Custom_click(Base_Utility.java:288)
... 27 more
... Removed 28 stack frames]]>
    </failure>
  </testcase> <!-- TC040_Lubricant_in_PAM -->
  <testcase classname="Page_Test.Home_Page_Test" name="TC041_Merchandise_in_PAM" time="48.191">
    <failure type="java.lang.RuntimeException" message="org.openqa.selenium.NoSuchElementException: An element could not be located on the page using the given search parameters.
For documentation on this error, please visit: https://selenium.dev/exceptions/#no_such_element
Build info: version: &amp;apos;4.8.1&amp;apos;, revision: &amp;apos;8ebccac989&amp;apos;
System info: os.name: &amp;apos;Mac OS X&amp;apos;, os.arch: &amp;apos;x86_64&amp;apos;, os.version: &amp;apos;15.3.1&amp;apos;, java.version: &amp;apos;21.0.6&amp;apos;
Driver info: io.appium.java_client.ios.IOSDriver
Command: [2d527b15-3d3a-4bc4-b775-e98d51d71e27, findElement {using=xpath, value=//XCUIElementTypeButton[@name=&amp;apos;Back&amp;apos;]}]
Capabilities {appium:autoAcceptAlerts: true, appium:automationName: XCUITest, appium:bundleID: com.customerapp.hero, appium:bundleId: com.customerapp.hero, appium:databaseEnabled: false, appium:derivedDataPath: /Users/ltadmin/Documents/ap..., appium:deviceName: iPhone 14 Pro, appium:headless: false, appium:javascriptEnabled: true, appium:locationContextEnabled: false, appium:mode: cloud, appium:nativeWebScreenshot: true, appium:networkConnectionEnabled: false, appium:newCommandTimeout: 0, appium:noReset: false, appium:orientation: PORTRAIT, appium:platformVersion: 16, appium:realDevice: true, appium:takesScreenshot: true, appium:udid: 00008120-001179810A33401E, appium:uiautomator2ServerLaunchTimeout: 60000, appium:usePrebuiltWDA: true, appium:waitForQuiescence: false, appium:wdaLocalPort: 11329, appium:wdaRemotePort: 8100, appium:wdaStartupRetries: 3, appium:webStorageEnabled: false, appium:webkitResponseTimeout: 20000, platformName: IOS}
Session ID: 2d527b15-3d3a-4bc4-b775-e98d51d71e27">
      <![CDATA[java.lang.RuntimeException: org.openqa.selenium.NoSuchElementException: An element could not be located on the page using the given search parameters.
For documentation on this error, please visit: https://selenium.dev/exceptions/#no_such_element
Build info: version: '4.8.1', revision: '8ebccac989'
System info: os.name: 'Mac OS X', os.arch: 'x86_64', os.version: '15.3.1', java.version: '21.0.6'
Driver info: io.appium.java_client.ios.IOSDriver
Command: [2d527b15-3d3a-4bc4-b775-e98d51d71e27, findElement {using=xpath, value=//XCUIElementTypeButton[@name='Back']}]
Capabilities {appium:autoAcceptAlerts: true, appium:automationName: XCUITest, appium:bundleID: com.customerapp.hero, appium:bundleId: com.customerapp.hero, appium:databaseEnabled: false, appium:derivedDataPath: /Users/ltadmin/Documents/ap..., appium:deviceName: iPhone 14 Pro, appium:headless: false, appium:javascriptEnabled: true, appium:locationContextEnabled: false, appium:mode: cloud, appium:nativeWebScreenshot: true, appium:networkConnectionEnabled: false, appium:newCommandTimeout: 0, appium:noReset: false, appium:orientation: PORTRAIT, appium:platformVersion: 16, appium:realDevice: true, appium:takesScreenshot: true, appium:udid: 00008120-001179810A33401E, appium:uiautomator2ServerLaunchTimeout: 60000, appium:usePrebuiltWDA: true, appium:waitForQuiescence: false, appium:wdaLocalPort: 11329, appium:wdaRemotePort: 8100, appium:wdaStartupRetries: 3, appium:webStorageEnabled: false, appium:webkitResponseTimeout: 20000, platformName: IOS}
Session ID: 2d527b15-3d3a-4bc4-b775-e98d51d71e27
at com.utility.Base_Utility.Custom_click(Base_Utility.java:306)
at Page_Test.Home_Page_Test.TC041_Merchandise_in_PAM(Home_Page_Test.java:567)
at java.base/java.util.ArrayList.forEach(ArrayList.java:1596)
Caused by: org.openqa.selenium.NoSuchElementException: An element could not be located on the page using the given search parameters.
For documentation on this error, please visit: https://selenium.dev/exceptions/#no_such_element
Build info: version: '4.8.1', revision: '8ebccac989'
System info: os.name: 'Mac OS X', os.arch: 'x86_64', os.version: '15.3.1', java.version: '21.0.6'
Driver info: io.appium.java_client.ios.IOSDriver
Command: [2d527b15-3d3a-4bc4-b775-e98d51d71e27, findElement {using=xpath, value=//XCUIElementTypeButton[@name='Back']}]
Capabilities {appium:autoAcceptAlerts: true, appium:automationName: XCUITest, appium:bundleID: com.customerapp.hero, appium:bundleId: com.customerapp.hero, appium:databaseEnabled: false, appium:derivedDataPath: /Users/ltadmin/Documents/ap..., appium:deviceName: iPhone 14 Pro, appium:headless: false, appium:javascriptEnabled: true, appium:locationContextEnabled: false, appium:mode: cloud, appium:nativeWebScreenshot: true, appium:networkConnectionEnabled: false, appium:newCommandTimeout: 0, appium:noReset: false, appium:orientation: PORTRAIT, appium:platformVersion: 16, appium:realDevice: true, appium:takesScreenshot: true, appium:udid: 00008120-001179810A33401E, appium:uiautomator2ServerLaunchTimeout: 60000, appium:usePrebuiltWDA: true, appium:waitForQuiescence: false, appium:wdaLocalPort: 11329, appium:wdaRemotePort: 8100, appium:wdaStartupRetries: 3, appium:webStorageEnabled: false, appium:webkitResponseTimeout: 20000, platformName: IOS}
Session ID: 2d527b15-3d3a-4bc4-b775-e98d51d71e27
at org.openqa.selenium.remote.codec.w3c.W3CHttpResponseCodec.createException(W3CHttpResponseCodec.java:200)
at org.openqa.selenium.remote.codec.w3c.W3CHttpResponseCodec.decode(W3CHttpResponseCodec.java:133)
at org.openqa.selenium.remote.codec.w3c.W3CHttpResponseCodec.decode(W3CHttpResponseCodec.java:53)
at org.openqa.selenium.remote.HttpCommandExecutor.execute(HttpCommandExecutor.java:184)
at io.appium.java_client.remote.AppiumCommandExecutor.execute(AppiumCommandExecutor.java:262)
at org.openqa.selenium.remote.RemoteWebDriver.execute(RemoteWebDriver.java:543)
at org.openqa.selenium.remote.ElementLocation$ElementFinder$2.findElement(ElementLocation.java:162)
at org.openqa.selenium.remote.ElementLocation.findElement(ElementLocation.java:60)
at org.openqa.selenium.remote.RemoteWebDriver.findElement(RemoteWebDriver.java:352)
at org.openqa.selenium.remote.RemoteWebDriver.findElement(RemoteWebDriver.java:344)
at org.openqa.selenium.support.pagefactory.DefaultElementLocator.findElement(DefaultElementLocator.java:70)
at org.openqa.selenium.support.pagefactory.internal.LocatingElementHandler.invoke(LocatingElementHandler.java:39)
at jdk.proxy2/jdk.proxy2.$Proxy34.isDisplayed(Unknown Source)
at com.utility.Base_Utility.Custom_click(Base_Utility.java:288)
... 27 more
... Removed 28 stack frames]]>
    </failure>
  </testcase> <!-- TC041_Merchandise_in_PAM -->
  <testcase classname="Page_Test.Home_Page_Test" name="TC042_Accessories_in_PAM" time="50.535">
    <failure type="java.lang.RuntimeException" message="org.openqa.selenium.NoSuchElementException: An element could not be located on the page using the given search parameters.
For documentation on this error, please visit: https://selenium.dev/exceptions/#no_such_element
Build info: version: &amp;apos;4.8.1&amp;apos;, revision: &amp;apos;8ebccac989&amp;apos;
System info: os.name: &amp;apos;Mac OS X&amp;apos;, os.arch: &amp;apos;x86_64&amp;apos;, os.version: &amp;apos;15.3.1&amp;apos;, java.version: &amp;apos;21.0.6&amp;apos;
Driver info: io.appium.java_client.ios.IOSDriver
Command: [2d527b15-3d3a-4bc4-b775-e98d51d71e27, findElement {using=xpath, value=//XCUIElementTypeButton[@name=&amp;apos;Back&amp;apos;]}]
Capabilities {appium:autoAcceptAlerts: true, appium:automationName: XCUITest, appium:bundleID: com.customerapp.hero, appium:bundleId: com.customerapp.hero, appium:databaseEnabled: false, appium:derivedDataPath: /Users/ltadmin/Documents/ap..., appium:deviceName: iPhone 14 Pro, appium:headless: false, appium:javascriptEnabled: true, appium:locationContextEnabled: false, appium:mode: cloud, appium:nativeWebScreenshot: true, appium:networkConnectionEnabled: false, appium:newCommandTimeout: 0, appium:noReset: false, appium:orientation: PORTRAIT, appium:platformVersion: 16, appium:realDevice: true, appium:takesScreenshot: true, appium:udid: 00008120-001179810A33401E, appium:uiautomator2ServerLaunchTimeout: 60000, appium:usePrebuiltWDA: true, appium:waitForQuiescence: false, appium:wdaLocalPort: 11329, appium:wdaRemotePort: 8100, appium:wdaStartupRetries: 3, appium:webStorageEnabled: false, appium:webkitResponseTimeout: 20000, platformName: IOS}
Session ID: 2d527b15-3d3a-4bc4-b775-e98d51d71e27">
      <![CDATA[java.lang.RuntimeException: org.openqa.selenium.NoSuchElementException: An element could not be located on the page using the given search parameters.
For documentation on this error, please visit: https://selenium.dev/exceptions/#no_such_element
Build info: version: '4.8.1', revision: '8ebccac989'
System info: os.name: 'Mac OS X', os.arch: 'x86_64', os.version: '15.3.1', java.version: '21.0.6'
Driver info: io.appium.java_client.ios.IOSDriver
Command: [2d527b15-3d3a-4bc4-b775-e98d51d71e27, findElement {using=xpath, value=//XCUIElementTypeButton[@name='Back']}]
Capabilities {appium:autoAcceptAlerts: true, appium:automationName: XCUITest, appium:bundleID: com.customerapp.hero, appium:bundleId: com.customerapp.hero, appium:databaseEnabled: false, appium:derivedDataPath: /Users/ltadmin/Documents/ap..., appium:deviceName: iPhone 14 Pro, appium:headless: false, appium:javascriptEnabled: true, appium:locationContextEnabled: false, appium:mode: cloud, appium:nativeWebScreenshot: true, appium:networkConnectionEnabled: false, appium:newCommandTimeout: 0, appium:noReset: false, appium:orientation: PORTRAIT, appium:platformVersion: 16, appium:realDevice: true, appium:takesScreenshot: true, appium:udid: 00008120-001179810A33401E, appium:uiautomator2ServerLaunchTimeout: 60000, appium:usePrebuiltWDA: true, appium:waitForQuiescence: false, appium:wdaLocalPort: 11329, appium:wdaRemotePort: 8100, appium:wdaStartupRetries: 3, appium:webStorageEnabled: false, appium:webkitResponseTimeout: 20000, platformName: IOS}
Session ID: 2d527b15-3d3a-4bc4-b775-e98d51d71e27
at com.utility.Base_Utility.Custom_click(Base_Utility.java:306)
at Page_Test.Home_Page_Test.TC042_Accessories_in_PAM(Home_Page_Test.java:606)
at java.base/java.util.ArrayList.forEach(ArrayList.java:1596)
Caused by: org.openqa.selenium.NoSuchElementException: An element could not be located on the page using the given search parameters.
For documentation on this error, please visit: https://selenium.dev/exceptions/#no_such_element
Build info: version: '4.8.1', revision: '8ebccac989'
System info: os.name: 'Mac OS X', os.arch: 'x86_64', os.version: '15.3.1', java.version: '21.0.6'
Driver info: io.appium.java_client.ios.IOSDriver
Command: [2d527b15-3d3a-4bc4-b775-e98d51d71e27, findElement {using=xpath, value=//XCUIElementTypeButton[@name='Back']}]
Capabilities {appium:autoAcceptAlerts: true, appium:automationName: XCUITest, appium:bundleID: com.customerapp.hero, appium:bundleId: com.customerapp.hero, appium:databaseEnabled: false, appium:derivedDataPath: /Users/ltadmin/Documents/ap..., appium:deviceName: iPhone 14 Pro, appium:headless: false, appium:javascriptEnabled: true, appium:locationContextEnabled: false, appium:mode: cloud, appium:nativeWebScreenshot: true, appium:networkConnectionEnabled: false, appium:newCommandTimeout: 0, appium:noReset: false, appium:orientation: PORTRAIT, appium:platformVersion: 16, appium:realDevice: true, appium:takesScreenshot: true, appium:udid: 00008120-001179810A33401E, appium:uiautomator2ServerLaunchTimeout: 60000, appium:usePrebuiltWDA: true, appium:waitForQuiescence: false, appium:wdaLocalPort: 11329, appium:wdaRemotePort: 8100, appium:wdaStartupRetries: 3, appium:webStorageEnabled: false, appium:webkitResponseTimeout: 20000, platformName: IOS}
Session ID: 2d527b15-3d3a-4bc4-b775-e98d51d71e27
at org.openqa.selenium.remote.codec.w3c.W3CHttpResponseCodec.createException(W3CHttpResponseCodec.java:200)
at org.openqa.selenium.remote.codec.w3c.W3CHttpResponseCodec.decode(W3CHttpResponseCodec.java:133)
at org.openqa.selenium.remote.codec.w3c.W3CHttpResponseCodec.decode(W3CHttpResponseCodec.java:53)
at org.openqa.selenium.remote.HttpCommandExecutor.execute(HttpCommandExecutor.java:184)
at io.appium.java_client.remote.AppiumCommandExecutor.execute(AppiumCommandExecutor.java:262)
at org.openqa.selenium.remote.RemoteWebDriver.execute(RemoteWebDriver.java:543)
at org.openqa.selenium.remote.ElementLocation$ElementFinder$2.findElement(ElementLocation.java:162)
at org.openqa.selenium.remote.ElementLocation.findElement(ElementLocation.java:60)
at org.openqa.selenium.remote.RemoteWebDriver.findElement(RemoteWebDriver.java:352)
at org.openqa.selenium.remote.RemoteWebDriver.findElement(RemoteWebDriver.java:344)
at org.openqa.selenium.support.pagefactory.DefaultElementLocator.findElement(DefaultElementLocator.java:70)
at org.openqa.selenium.support.pagefactory.internal.LocatingElementHandler.invoke(LocatingElementHandler.java:39)
at jdk.proxy2/jdk.proxy2.$Proxy34.isDisplayed(Unknown Source)
at com.utility.Base_Utility.Custom_click(Base_Utility.java:288)
... 27 more
... Removed 28 stack frames]]>
    </failure>
  </testcase> <!-- TC042_Accessories_in_PAM -->
  <testcase classname="Page_Test.Home_Page_Test" name="TC043_View_All_Accessories_in_PAM" time="45.674">
    <failure type="java.lang.RuntimeException" message="org.openqa.selenium.NoSuchElementException: An element could not be located on the page using the given search parameters.
For documentation on this error, please visit: https://selenium.dev/exceptions/#no_such_element
Build info: version: &amp;apos;4.8.1&amp;apos;, revision: &amp;apos;8ebccac989&amp;apos;
System info: os.name: &amp;apos;Mac OS X&amp;apos;, os.arch: &amp;apos;x86_64&amp;apos;, os.version: &amp;apos;15.3.1&amp;apos;, java.version: &amp;apos;21.0.6&amp;apos;
Driver info: io.appium.java_client.ios.IOSDriver
Command: [2d527b15-3d3a-4bc4-b775-e98d51d71e27, findElement {using=xpath, value=//XCUIElementTypeButton[@name=&amp;apos;Back&amp;apos;]}]
Capabilities {appium:autoAcceptAlerts: true, appium:automationName: XCUITest, appium:bundleID: com.customerapp.hero, appium:bundleId: com.customerapp.hero, appium:databaseEnabled: false, appium:derivedDataPath: /Users/ltadmin/Documents/ap..., appium:deviceName: iPhone 14 Pro, appium:headless: false, appium:javascriptEnabled: true, appium:locationContextEnabled: false, appium:mode: cloud, appium:nativeWebScreenshot: true, appium:networkConnectionEnabled: false, appium:newCommandTimeout: 0, appium:noReset: false, appium:orientation: PORTRAIT, appium:platformVersion: 16, appium:realDevice: true, appium:takesScreenshot: true, appium:udid: 00008120-001179810A33401E, appium:uiautomator2ServerLaunchTimeout: 60000, appium:usePrebuiltWDA: true, appium:waitForQuiescence: false, appium:wdaLocalPort: 11329, appium:wdaRemotePort: 8100, appium:wdaStartupRetries: 3, appium:webStorageEnabled: false, appium:webkitResponseTimeout: 20000, platformName: IOS}
Session ID: 2d527b15-3d3a-4bc4-b775-e98d51d71e27">
      <![CDATA[java.lang.RuntimeException: org.openqa.selenium.NoSuchElementException: An element could not be located on the page using the given search parameters.
For documentation on this error, please visit: https://selenium.dev/exceptions/#no_such_element
Build info: version: '4.8.1', revision: '8ebccac989'
System info: os.name: 'Mac OS X', os.arch: 'x86_64', os.version: '15.3.1', java.version: '21.0.6'
Driver info: io.appium.java_client.ios.IOSDriver
Command: [2d527b15-3d3a-4bc4-b775-e98d51d71e27, findElement {using=xpath, value=//XCUIElementTypeButton[@name='Back']}]
Capabilities {appium:autoAcceptAlerts: true, appium:automationName: XCUITest, appium:bundleID: com.customerapp.hero, appium:bundleId: com.customerapp.hero, appium:databaseEnabled: false, appium:derivedDataPath: /Users/ltadmin/Documents/ap..., appium:deviceName: iPhone 14 Pro, appium:headless: false, appium:javascriptEnabled: true, appium:locationContextEnabled: false, appium:mode: cloud, appium:nativeWebScreenshot: true, appium:networkConnectionEnabled: false, appium:newCommandTimeout: 0, appium:noReset: false, appium:orientation: PORTRAIT, appium:platformVersion: 16, appium:realDevice: true, appium:takesScreenshot: true, appium:udid: 00008120-001179810A33401E, appium:uiautomator2ServerLaunchTimeout: 60000, appium:usePrebuiltWDA: true, appium:waitForQuiescence: false, appium:wdaLocalPort: 11329, appium:wdaRemotePort: 8100, appium:wdaStartupRetries: 3, appium:webStorageEnabled: false, appium:webkitResponseTimeout: 20000, platformName: IOS}
Session ID: 2d527b15-3d3a-4bc4-b775-e98d51d71e27
at com.utility.Base_Utility.Custom_click(Base_Utility.java:306)
at Page_Test.Home_Page_Test.TC043_View_All_Accessories_in_PAM(Home_Page_Test.java:640)
at java.base/java.util.ArrayList.forEach(ArrayList.java:1596)
Caused by: org.openqa.selenium.NoSuchElementException: An element could not be located on the page using the given search parameters.
For documentation on this error, please visit: https://selenium.dev/exceptions/#no_such_element
Build info: version: '4.8.1', revision: '8ebccac989'
System info: os.name: 'Mac OS X', os.arch: 'x86_64', os.version: '15.3.1', java.version: '21.0.6'
Driver info: io.appium.java_client.ios.IOSDriver
Command: [2d527b15-3d3a-4bc4-b775-e98d51d71e27, findElement {using=xpath, value=//XCUIElementTypeButton[@name='Back']}]
Capabilities {appium:autoAcceptAlerts: true, appium:automationName: XCUITest, appium:bundleID: com.customerapp.hero, appium:bundleId: com.customerapp.hero, appium:databaseEnabled: false, appium:derivedDataPath: /Users/ltadmin/Documents/ap..., appium:deviceName: iPhone 14 Pro, appium:headless: false, appium:javascriptEnabled: true, appium:locationContextEnabled: false, appium:mode: cloud, appium:nativeWebScreenshot: true, appium:networkConnectionEnabled: false, appium:newCommandTimeout: 0, appium:noReset: false, appium:orientation: PORTRAIT, appium:platformVersion: 16, appium:realDevice: true, appium:takesScreenshot: true, appium:udid: 00008120-001179810A33401E, appium:uiautomator2ServerLaunchTimeout: 60000, appium:usePrebuiltWDA: true, appium:waitForQuiescence: false, appium:wdaLocalPort: 11329, appium:wdaRemotePort: 8100, appium:wdaStartupRetries: 3, appium:webStorageEnabled: false, appium:webkitResponseTimeout: 20000, platformName: IOS}
Session ID: 2d527b15-3d3a-4bc4-b775-e98d51d71e27
at org.openqa.selenium.remote.codec.w3c.W3CHttpResponseCodec.createException(W3CHttpResponseCodec.java:200)
at org.openqa.selenium.remote.codec.w3c.W3CHttpResponseCodec.decode(W3CHttpResponseCodec.java:133)
at org.openqa.selenium.remote.codec.w3c.W3CHttpResponseCodec.decode(W3CHttpResponseCodec.java:53)
at org.openqa.selenium.remote.HttpCommandExecutor.execute(HttpCommandExecutor.java:184)
at io.appium.java_client.remote.AppiumCommandExecutor.execute(AppiumCommandExecutor.java:262)
at org.openqa.selenium.remote.RemoteWebDriver.execute(RemoteWebDriver.java:543)
at org.openqa.selenium.remote.ElementLocation$ElementFinder$2.findElement(ElementLocation.java:162)
at org.openqa.selenium.remote.ElementLocation.findElement(ElementLocation.java:60)
at org.openqa.selenium.remote.RemoteWebDriver.findElement(RemoteWebDriver.java:352)
at org.openqa.selenium.remote.RemoteWebDriver.findElement(RemoteWebDriver.java:344)
at org.openqa.selenium.support.pagefactory.DefaultElementLocator.findElement(DefaultElementLocator.java:70)
at org.openqa.selenium.support.pagefactory.internal.LocatingElementHandler.invoke(LocatingElementHandler.java:39)
at jdk.proxy2/jdk.proxy2.$Proxy34.isDisplayed(Unknown Source)
at com.utility.Base_Utility.Custom_click(Base_Utility.java:288)
... 27 more
... Removed 28 stack frames]]>
    </failure>
  </testcase> <!-- TC043_View_All_Accessories_in_PAM -->
  <testcase classname="Page_Test.Home_Page_Test" name="TC044_verify_Check_Out_at_home_page" time="19.755"/>
  <testcase classname="Page_Test.Home_Page_Test" name="TC045_verify_Benifits_Vehicle_Exchange" time="34.933">
    <failure type="java.lang.RuntimeException" message="org.openqa.selenium.NoSuchElementException: An element could not be located on the page using the given search parameters.
For documentation on this error, please visit: https://selenium.dev/exceptions/#no_such_element
Build info: version: &amp;apos;4.8.1&amp;apos;, revision: &amp;apos;8ebccac989&amp;apos;
System info: os.name: &amp;apos;Mac OS X&amp;apos;, os.arch: &amp;apos;x86_64&amp;apos;, os.version: &amp;apos;15.3.1&amp;apos;, java.version: &amp;apos;21.0.6&amp;apos;
Driver info: io.appium.java_client.ios.IOSDriver
Command: [2d527b15-3d3a-4bc4-b775-e98d51d71e27, findElement {using=xpath, value=//XCUIElementTypeButton[@name=&amp;apos;Back&amp;apos;]}]
Capabilities {appium:autoAcceptAlerts: true, appium:automationName: XCUITest, appium:bundleID: com.customerapp.hero, appium:bundleId: com.customerapp.hero, appium:databaseEnabled: false, appium:derivedDataPath: /Users/ltadmin/Documents/ap..., appium:deviceName: iPhone 14 Pro, appium:headless: false, appium:javascriptEnabled: true, appium:locationContextEnabled: false, appium:mode: cloud, appium:nativeWebScreenshot: true, appium:networkConnectionEnabled: false, appium:newCommandTimeout: 0, appium:noReset: false, appium:orientation: PORTRAIT, appium:platformVersion: 16, appium:realDevice: true, appium:takesScreenshot: true, appium:udid: 00008120-001179810A33401E, appium:uiautomator2ServerLaunchTimeout: 60000, appium:usePrebuiltWDA: true, appium:waitForQuiescence: false, appium:wdaLocalPort: 11329, appium:wdaRemotePort: 8100, appium:wdaStartupRetries: 3, appium:webStorageEnabled: false, appium:webkitResponseTimeout: 20000, platformName: IOS}
Session ID: 2d527b15-3d3a-4bc4-b775-e98d51d71e27">
      <![CDATA[java.lang.RuntimeException: org.openqa.selenium.NoSuchElementException: An element could not be located on the page using the given search parameters.
For documentation on this error, please visit: https://selenium.dev/exceptions/#no_such_element
Build info: version: '4.8.1', revision: '8ebccac989'
System info: os.name: 'Mac OS X', os.arch: 'x86_64', os.version: '15.3.1', java.version: '21.0.6'
Driver info: io.appium.java_client.ios.IOSDriver
Command: [2d527b15-3d3a-4bc4-b775-e98d51d71e27, findElement {using=xpath, value=//XCUIElementTypeButton[@name='Back']}]
Capabilities {appium:autoAcceptAlerts: true, appium:automationName: XCUITest, appium:bundleID: com.customerapp.hero, appium:bundleId: com.customerapp.hero, appium:databaseEnabled: false, appium:derivedDataPath: /Users/ltadmin/Documents/ap..., appium:deviceName: iPhone 14 Pro, appium:headless: false, appium:javascriptEnabled: true, appium:locationContextEnabled: false, appium:mode: cloud, appium:nativeWebScreenshot: true, appium:networkConnectionEnabled: false, appium:newCommandTimeout: 0, appium:noReset: false, appium:orientation: PORTRAIT, appium:platformVersion: 16, appium:realDevice: true, appium:takesScreenshot: true, appium:udid: 00008120-001179810A33401E, appium:uiautomator2ServerLaunchTimeout: 60000, appium:usePrebuiltWDA: true, appium:waitForQuiescence: false, appium:wdaLocalPort: 11329, appium:wdaRemotePort: 8100, appium:wdaStartupRetries: 3, appium:webStorageEnabled: false, appium:webkitResponseTimeout: 20000, platformName: IOS}
Session ID: 2d527b15-3d3a-4bc4-b775-e98d51d71e27
at com.utility.Base_Utility.Custom_click(Base_Utility.java:306)
at Page_Test.Home_Page_Test.TC045_verify_Benifits_Vehicle_Exchange(Home_Page_Test.java:671)
at java.base/java.util.ArrayList.forEach(ArrayList.java:1596)
Caused by: org.openqa.selenium.NoSuchElementException: An element could not be located on the page using the given search parameters.
For documentation on this error, please visit: https://selenium.dev/exceptions/#no_such_element
Build info: version: '4.8.1', revision: '8ebccac989'
System info: os.name: 'Mac OS X', os.arch: 'x86_64', os.version: '15.3.1', java.version: '21.0.6'
Driver info: io.appium.java_client.ios.IOSDriver
Command: [2d527b15-3d3a-4bc4-b775-e98d51d71e27, findElement {using=xpath, value=//XCUIElementTypeButton[@name='Back']}]
Capabilities {appium:autoAcceptAlerts: true, appium:automationName: XCUITest, appium:bundleID: com.customerapp.hero, appium:bundleId: com.customerapp.hero, appium:databaseEnabled: false, appium:derivedDataPath: /Users/ltadmin/Documents/ap..., appium:deviceName: iPhone 14 Pro, appium:headless: false, appium:javascriptEnabled: true, appium:locationContextEnabled: false, appium:mode: cloud, appium:nativeWebScreenshot: true, appium:networkConnectionEnabled: false, appium:newCommandTimeout: 0, appium:noReset: false, appium:orientation: PORTRAIT, appium:platformVersion: 16, appium:realDevice: true, appium:takesScreenshot: true, appium:udid: 00008120-001179810A33401E, appium:uiautomator2ServerLaunchTimeout: 60000, appium:usePrebuiltWDA: true, appium:waitForQuiescence: false, appium:wdaLocalPort: 11329, appium:wdaRemotePort: 8100, appium:wdaStartupRetries: 3, appium:webStorageEnabled: false, appium:webkitResponseTimeout: 20000, platformName: IOS}
Session ID: 2d527b15-3d3a-4bc4-b775-e98d51d71e27
at org.openqa.selenium.remote.codec.w3c.W3CHttpResponseCodec.createException(W3CHttpResponseCodec.java:200)
at org.openqa.selenium.remote.codec.w3c.W3CHttpResponseCodec.decode(W3CHttpResponseCodec.java:133)
at org.openqa.selenium.remote.codec.w3c.W3CHttpResponseCodec.decode(W3CHttpResponseCodec.java:53)
at org.openqa.selenium.remote.HttpCommandExecutor.execute(HttpCommandExecutor.java:184)
at io.appium.java_client.remote.AppiumCommandExecutor.execute(AppiumCommandExecutor.java:262)
at org.openqa.selenium.remote.RemoteWebDriver.execute(RemoteWebDriver.java:543)
at org.openqa.selenium.remote.ElementLocation$ElementFinder$2.findElement(ElementLocation.java:162)
at org.openqa.selenium.remote.ElementLocation.findElement(ElementLocation.java:60)
at org.openqa.selenium.remote.RemoteWebDriver.findElement(RemoteWebDriver.java:352)
at org.openqa.selenium.remote.RemoteWebDriver.findElement(RemoteWebDriver.java:344)
at org.openqa.selenium.support.pagefactory.DefaultElementLocator.findElement(DefaultElementLocator.java:70)
at org.openqa.selenium.support.pagefactory.internal.LocatingElementHandler.invoke(LocatingElementHandler.java:39)
at jdk.proxy2/jdk.proxy2.$Proxy34.isDisplayed(Unknown Source)
at com.utility.Base_Utility.Custom_click(Base_Utility.java:288)
... 27 more
... Removed 28 stack frames]]>
    </failure>
  </testcase> <!-- TC045_verify_Benifits_Vehicle_Exchange -->
</testsuite> <!-- Home_Page_Test -->
