<?xml version="1.0" encoding="UTF-8"?>
<!-- Generated by org.testng.reporters.JUnitXMLReporter -->
<testsuite ignored="0" hostname="users-MacBook-Pro.local" failures="0" tests="13" name="Login_page" time="506.525" errors="0" timestamp="2025-02-12T20:19:58 IST">
  <testcase classname="Page_Test.Login_Page_Test" name="TC001_Setup_Prerequisites" time="0.047"/>
  <testcase classname="Page_Test.Login_Page_Test" name="TC002_invalidmobileno" time="15.389"/>
  <testcase classname="Page_Test.Login_Page_Test" name="TC003_verify_update_number" time="33.034"/>
  <testcase classname="Page_Test.Login_Page_Test" name="TC004_Verify_Login_with_short_length_of_mobile_number_credential" time="11.349"/>
  <testcase classname="Page_Test.Login_Page_Test" name="TC005_max_digit_mobile_number" time="11.531"/>
  <testcase classname="Page_Test.Login_Page_Test" name="TC006_Terms_of_use_button" time="47.805"/>
  <testcase classname="Page_Test.Login_Page_Test" name="TC007_Privacy_policy" time="53.348"/>
  <testcase classname="Page_Test.Login_Page_Test" name="TC008_contact_Us" time="10.692"/>
  <testcase classname="Page_Test.Login_Page_Test" name="TC009_Continue_as_guest" time="54.812"/>
  <testcase classname="Page_Test.Login_Page_Test" name="TC010_Verify_Login_with_valid_credential" time="45.539"/>
  <testcase classname="Page_Test.Login_Page_Test" name="TC011_resend_butn" time="7.69"/>
  <testcase classname="Page_Test.Login_Page_Test" name="TC012_inavalid_OTP" time="30.979"/>
  <testcase classname="Page_Test.Login_Page_Test" name="TC013_edit_moble" time="80.893"/>
</testsuite> <!-- Login_page -->
