<?xml version="1.0" encoding="UTF-8"?>
<!-- Generated by org.testng.reporters.JUnitXMLReporter -->
<testsuite ignored="0" hostname="users-MacBook-Pro.local" failures="0" tests="9" name="Refer_a_friend_test" time="359.371" errors="0" timestamp="2025-01-27T13:49:42 IST">
  <testcase classname="Page_Test.Refer_a_friend_test" name="TC079_Refer_a_friend" time="59.448"/>
  <testcase classname="Page_Test.Refer_a_friend_test" name="TC080_Verify_Select_City" time="28.965"/>
  <testcase classname="Page_Test.Refer_a_friend_test" name="TC081_Verify_Select_Model" time="10.732"/>
  <testcase classname="Page_Test.Refer_a_friend_test" name="TC082_Verify_Submit_button" time="20.597"/>
  <testcase classname="Page_Test.Refer_a_friend_test" name="TC083_Verify_Refer_friend_Without_name" time="57.179"/>
  <testcase classname="Page_Test.Refer_a_friend_test" name="TC084_Verify_Refer_friend_Without_Mobile_number" time="13.767"/>
  <testcase classname="Page_Test.Refer_a_friend_test" name="TC085_Verify_Refer_friend_With_Nine_digit_Mobile_number" time="10.663"/>
  <testcase classname="Page_Test.Refer_a_friend_test" name="TC086_Refer_friend_without_Select_State_and_City" time="69.857"/>
  <testcase classname="Page_Test.Refer_a_friend_test" name="TC087_Refer_friend_without_Select_Model" time="83.433"/>
</testsuite> <!-- Refer_a_friend_test -->
