<?xml version="1.0" encoding="UTF-8"?>
<!-- Generated by org.testng.reporters.JUnitXMLReporter -->
<testsuite ignored="0" hostname="users-MacBook-Pro.local" failures="1" tests="31" name="Services_Page_Test" time="1551.256" errors="0" timestamp="2024-08-01T09:32:03 IST">
  <testcase classname="Page_Test.Services_Page_Test" name="TC078_Vehicle_details_on_service_page" time="97.775"/>
  <testcase classname="Page_Test.Services_Page_Test" name="TC079_Book_Service" time="65.056"/>
  <testcase classname="Page_Test.Services_Page_Test" name="TC080_Review_Service_Details" time="15.498"/>
  <testcase classname="Page_Test.Services_Page_Test" name="TC081_Verify_Serviced_book_information" time="15.643"/>
  <testcase classname="Page_Test.Services_Page_Test" name="TC082_verify_service_type" time="4.513"/>
  <testcase classname="Page_Test.Services_Page_Test" name="TC083_verify_Dealer_information" time="5.418"/>
  <testcase classname="Page_Test.Services_Page_Test" name="TC084_verify_Reschedule_Service" time="45.454"/>
  <testcase classname="Page_Test.Services_Page_Test" name="TC085_Verify_Reschedule_service_information" time="18.767"/>
  <testcase classname="Page_Test.Services_Page_Test" name="TC086_verify_Cancel_Service" time="18.131"/>
  <testcase classname="Page_Test.Services_Page_Test" name="TC087_View_Service_schedule_750" time="62.898"/>
  <testcase classname="Page_Test.Services_Page_Test" name="TC088_View_Service_schedule_3500" time="55.057"/>
  <testcase classname="Page_Test.Services_Page_Test" name="TC089_View_Service_schedule_6500" time="55.328"/>
  <testcase classname="Page_Test.Services_Page_Test" name="TC090_View_Service_schedule_9500" time="57.287"/>
  <testcase classname="Page_Test.Services_Page_Test" name="TC091_View_Service_schedule_12500" time="57.987"/>
  <testcase classname="Page_Test.Services_Page_Test" name="TC092_View_Service_schedule_15500" time="59.002"/>
  <testcase classname="Page_Test.Services_Page_Test" name="TC093_View_Service_schedule_18500" time="51.629"/>
  <testcase classname="Page_Test.Services_Page_Test" name="TC094_View_Service_schedule_21500" time="52.19"/>
  <testcase classname="Page_Test.Services_Page_Test" name="TC095_View_Service_schedule_24500" time="54.437"/>
  <testcase classname="Page_Test.Services_Page_Test" name="TC096_View_Service_schedule_27500" time="54.334"/>
  <testcase classname="Page_Test.Services_Page_Test" name="TC097_View_Service_schedule_60_days" time="59.094"/>
  <testcase classname="Page_Test.Services_Page_Test" name="TC098_View_Service_schedule_160_days" time="56.757"/>
  <testcase classname="Page_Test.Services_Page_Test" name="TC099_View_Service_schedule_260_days" time="52.707"/>
  <testcase classname="Page_Test.Services_Page_Test" name="TC100_View_Service_schedule_360_days" time="57.175"/>
  <testcase classname="Page_Test.Services_Page_Test" name="TC101_View_Service_schedule_460_days" time="56.093"/>
  <testcase classname="Page_Test.Services_Page_Test" name="TC102_View_Service_schedule_560_days" time="54.692"/>
  <testcase classname="Page_Test.Services_Page_Test" name="TC103_View_Service_schedule_660_days" time="50.517"/>
  <testcase classname="Page_Test.Services_Page_Test" name="TC104_View_Service_schedule_760_days" time="56.793"/>
  <testcase classname="Page_Test.Services_Page_Test" name="TC105_View_Service_schedule_860_days" time="56.811"/>
  <testcase classname="Page_Test.Services_Page_Test" name="TC106_Verify_Last_Serviced" time="6.82"/>
  <testcase classname="Page_Test.Services_Page_Test" name="TC107_Verify_all_tips_list" time="93.657"/>
  <testcase classname="Page_Test.Services_Page_Test" name="TC108_Verify_all_DIY_Videos_list" time="20.413">
    <failure type="java.lang.NullPointerException" message="Cannot invoke &amp;quot;com.utility.listner.getcapcture(String)&amp;quot; because &amp;quot;com.utility.Base_Utility.lis&amp;quot; is null">
      <![CDATA[java.lang.NullPointerException: Cannot invoke "com.utility.listner.getcapcture(String)" because "com.utility.Base_Utility.lis" is null
at com.utility.Base_Utility.Custom_click(Base_Utility.java:309)
at Page_Test.Services_Page_Test.TC108_Verify_all_DIY_Videos_list(Services_Page_Test.java:397)
at java.base/java.util.ArrayList.forEach(ArrayList.java:1597)
... Removed 25 stack frames]]>
    </failure>
  </testcase> <!-- TC108_Verify_all_DIY_Videos_list -->
</testsuite> <!-- Services_Page_Test -->
