<!DOCTYPE html>

<html>
  <head>
  <meta charset='utf-8'>
  <title>TestNG reports</title>

    <link type="text/css" href="testng-reports1.css" rel="stylesheet" id="ultra" />
    <link type="text/css" href="testng-reports.css" rel="stylesheet" id="retro" disabled="false"/>
    <script type="text/javascript" src="jquery-3.6.0.min.js"></script>
    <script type="text/javascript" src="testng-reports.js"></script>
    <script type="text/javascript" src="https://www.google.com/jsapi"></script>
    <script type='text/javascript'>
      google.load('visualization', '1', {packages:['table']});
      google.setOnLoadCallback(drawTable);
      var suiteTableInitFunctions = new Array();
      var suiteTableData = new Array();
    </script>
    <!--
      <script type="text/javascript" src="jquery-ui/js/jquery-ui-1.8.16.custom.min.js"></script>
     -->
  </head>

  <body>    <div class="top-banner-root">
      <span class="top-banner-title-font">Test results</span>
      <button id="button" class="button">Switch Retro Theme</button> <!-- button -->
      <br/>
      <span class="top-banner-font-1">1 suite, 7 failed tests</span>
    </div> <!-- top-banner-root -->
    <div class="navigator-root">
      <div class="navigator-suite-header">
        <span>All suites</span>
        <a href="#" title="Collapse/expand all the suites" class="collapse-all-link">
          <img src="collapseall.gif" class="collapse-all-icon">
          </img> <!-- collapse-all-icon -->
        </a> <!-- collapse-all-link -->
      </div> <!-- navigator-suite-header -->
      <div class="suite">
        <div class="rounded-window">
          <div class="suite-header light-rounded-window-top">
            <a href="#" panel-name="suite-Hero_App" class="navigator-link">
              <span class="suite-name border-failed">Hero_App</span>
            </a> <!-- navigator-link -->
          </div> <!-- suite-header light-rounded-window-top -->
          <div class="navigator-suite-content">
            <div class="suite-section-title">
              <span>Info</span>
            </div> <!-- suite-section-title -->
            <div class="suite-section-content">
              <ul>
                <li>
                  <a href="#" panel-name="test-xml-Hero_App" class="navigator-link ">
                    <span>testng.xml</span>
                  </a> <!-- navigator-link  -->
                </li>
                <li>
                  <a href="#" panel-name="testlist-Hero_App" class="navigator-link ">
                    <span class="test-stats">1 test</span>
                  </a> <!-- navigator-link  -->
                </li>
                <li>
                  <a href="#" panel-name="group-Hero_App" class="navigator-link ">
                    <span>0 groups</span>
                  </a> <!-- navigator-link  -->
                </li>
                <li>
                  <a href="#" panel-name="times-Hero_App" class="navigator-link ">
                    <span>Times</span>
                  </a> <!-- navigator-link  -->
                </li>
                <li>
                  <a href="#" panel-name="reporter-Hero_App" class="navigator-link ">
                    <span>Reporter output</span>
                  </a> <!-- navigator-link  -->
                </li>
                <li>
                  <a href="#" panel-name="ignored-methods-Hero_App" class="navigator-link ">
                    <span>Ignored methods</span>
                  </a> <!-- navigator-link  -->
                </li>
                <li>
                  <a href="#" panel-name="chronological-Hero_App" class="navigator-link ">
                    <span>Chronological view</span>
                  </a> <!-- navigator-link  -->
                </li>
              </ul>
            </div> <!-- suite-section-content -->
            <div class="result-section">
              <div class="suite-section-title">
                <span>Results</span>
              </div> <!-- suite-section-title -->
              <div class="suite-section-content">
                <ul>
                  <li>
                    <span class="method-stats">26 methods, 7 failed,   19 passed</span>
                  </li>
                  <li>
                    <span class="method-list-title failed">Failed methods</span>
                    <span class="show-or-hide-methods failed">
                      <a href="#" panel-name="suite-Hero_App" class="hide-methods failed suite-Hero_App"> (hide)</a> <!-- hide-methods failed suite-Hero_App -->
                      <a href="#" panel-name="suite-Hero_App" class="show-methods failed suite-Hero_App"> (show)</a> <!-- show-methods failed suite-Hero_App -->
                    </span>
                    <div class="method-list-content failed suite-Hero_App">
                      <span>
                        <img src="failed.png" width="3%"/>
                        <a href="#" panel-name="suite-Hero_App" title="Page_Test.Home_Page_Test" class="method navigator-link" hash-for-method="TC039_Helmets_in_PAM">TC039_Helmets_in_PAM</a> <!-- method navigator-link -->
                      </span>
                      <br/>
                      <span>
                        <img src="failed.png" width="3%"/>
                        <a href="#" panel-name="suite-Hero_App" title="Page_Test.Home_Page_Test" class="method navigator-link" hash-for-method="TC040_Lubricant_in_PAM">TC040_Lubricant_in_PAM</a> <!-- method navigator-link -->
                      </span>
                      <br/>
                      <span>
                        <img src="failed.png" width="3%"/>
                        <a href="#" panel-name="suite-Hero_App" title="Page_Test.Home_Page_Test" class="method navigator-link" hash-for-method="TC041_Merchandise_in_PAM">TC041_Merchandise_in_PAM</a> <!-- method navigator-link -->
                      </span>
                      <br/>
                      <span>
                        <img src="failed.png" width="3%"/>
                        <a href="#" panel-name="suite-Hero_App" title="Page_Test.Home_Page_Test" class="method navigator-link" hash-for-method="TC042_Accessories_in_PAM">TC042_Accessories_in_PAM</a> <!-- method navigator-link -->
                      </span>
                      <br/>
                      <span>
                        <img src="failed.png" width="3%"/>
                        <a href="#" panel-name="suite-Hero_App" title="Page_Test.Home_Page_Test" class="method navigator-link" hash-for-method="TC043_View_All_Accessories_in_PAM">TC043_View_All_Accessories_in_PAM</a> <!-- method navigator-link -->
                      </span>
                      <br/>
                      <span>
                        <img src="failed.png" width="3%"/>
                        <a href="#" panel-name="suite-Hero_App" title="Page_Test.Home_Page_Test" class="method navigator-link" hash-for-method="TC044_verify_Check_Out_at_home_page">TC044_verify_Check_Out_at_home_page</a> <!-- method navigator-link -->
                      </span>
                      <br/>
                      <span>
                        <img src="failed.png" width="3%"/>
                        <a href="#" panel-name="suite-Hero_App" title="Page_Test.Home_Page_Test" class="method navigator-link" hash-for-method="TC045_verify_Benifits_Vehicle_Exchange">TC045_verify_Benifits_Vehicle_Exchange</a> <!-- method navigator-link -->
                      </span>
                      <br/>
                    </div> <!-- method-list-content failed suite-Hero_App -->
                  </li>
                  <li>
                    <span class="method-list-title passed">Passed methods</span>
                    <span class="show-or-hide-methods passed">
                      <a href="#" panel-name="suite-Hero_App" class="hide-methods passed suite-Hero_App"> (hide)</a> <!-- hide-methods passed suite-Hero_App -->
                      <a href="#" panel-name="suite-Hero_App" class="show-methods passed suite-Hero_App"> (show)</a> <!-- show-methods passed suite-Hero_App -->
                    </span>
                    <div class="method-list-content passed suite-Hero_App">
                      <span>
                        <img src="passed.png" width="3%"/>
                        <a href="#" panel-name="suite-Hero_App" title="Page_Test.Home_Page_Test" class="method navigator-link" hash-for-method="TC019_Home_page_verify">TC019_Home_page_verify</a> <!-- method navigator-link -->
                      </span>
                      <br/>
                      <span>
                        <img src="passed.png" width="3%"/>
                        <a href="#" panel-name="suite-Hero_App" title="Page_Test.Home_Page_Test" class="method navigator-link" hash-for-method="TC020_verify_SOS">TC020_verify_SOS</a> <!-- method navigator-link -->
                      </span>
                      <br/>
                      <span>
                        <img src="passed.png" width="3%"/>
                        <a href="#" panel-name="suite-Hero_App" title="Page_Test.Home_Page_Test" class="method navigator-link" hash-for-method="TC021_verify_Navigate">TC021_verify_Navigate</a> <!-- method navigator-link -->
                      </span>
                      <br/>
                      <span>
                        <img src="passed.png" width="3%"/>
                        <a href="#" panel-name="suite-Hero_App" title="Page_Test.Home_Page_Test" class="method navigator-link" hash-for-method="TC022_verify_Exchange">TC022_verify_Exchange</a> <!-- method navigator-link -->
                      </span>
                      <br/>
                      <span>
                        <img src="passed.png" width="3%"/>
                        <a href="#" panel-name="suite-Hero_App" title="Page_Test.Home_Page_Test" class="method navigator-link" hash-for-method="TC023_verify_Vehicle_details">TC023_verify_Vehicle_details</a> <!-- method navigator-link -->
                      </span>
                      <br/>
                      <span>
                        <img src="passed.png" width="3%"/>
                        <a href="#" panel-name="suite-Hero_App" title="Page_Test.Home_Page_Test" class="method navigator-link" hash-for-method="TC024_verify_Vehicle_condition">TC024_verify_Vehicle_condition</a> <!-- method navigator-link -->
                      </span>
                      <br/>
                      <span>
                        <img src="passed.png" width="3%"/>
                        <a href="#" panel-name="suite-Hero_App" title="Page_Test.Home_Page_Test" class="method navigator-link" hash-for-method="TC025_verify_Vehicle_valution">TC025_verify_Vehicle_valution</a> <!-- method navigator-link -->
                      </span>
                      <br/>
                      <span>
                        <img src="passed.png" width="3%"/>
                        <a href="#" panel-name="suite-Hero_App" title="Page_Test.Home_Page_Test" class="method navigator-link" hash-for-method="TC026_Verify_RC_Documents">TC026_Verify_RC_Documents</a> <!-- method navigator-link -->
                      </span>
                      <br/>
                      <span>
                        <img src="passed.png" width="3%"/>
                        <a href="#" panel-name="suite-Hero_App" title="Page_Test.Home_Page_Test" class="method navigator-link" hash-for-method="TC027_Verify_Insurance_Documents">TC027_Verify_Insurance_Documents</a> <!-- method navigator-link -->
                      </span>
                      <br/>
                      <span>
                        <img src="passed.png" width="3%"/>
                        <a href="#" panel-name="suite-Hero_App" title="Page_Test.Home_Page_Test" class="method navigator-link" hash-for-method="TC028_Verify_PUC_Documents">TC028_Verify_PUC_Documents</a> <!-- method navigator-link -->
                      </span>
                      <br/>
                      <span>
                        <img src="passed.png" width="3%"/>
                        <a href="#" panel-name="suite-Hero_App" title="Page_Test.Home_Page_Test" class="method navigator-link" hash-for-method="TC029_Verify_Challans_Documents">TC029_Verify_Challans_Documents</a> <!-- method navigator-link -->
                      </span>
                      <br/>
                      <span>
                        <img src="passed.png" width="3%"/>
                        <a href="#" panel-name="suite-Hero_App" title="Page_Test.Home_Page_Test" class="method navigator-link" hash-for-method="TC030_Verify_Relationship_Manager">TC030_Verify_Relationship_Manager</a> <!-- method navigator-link -->
                      </span>
                      <br/>
                      <span>
                        <img src="passed.png" width="3%"/>
                        <a href="#" panel-name="suite-Hero_App" title="Page_Test.Home_Page_Test" class="method navigator-link" hash-for-method="TC031_Verify_RSA">TC031_Verify_RSA</a> <!-- method navigator-link -->
                      </span>
                      <br/>
                      <span>
                        <img src="passed.png" width="3%"/>
                        <a href="#" panel-name="suite-Hero_App" title="Page_Test.Home_Page_Test" class="method navigator-link" hash-for-method="TC032_Renew_RSA">TC032_Renew_RSA</a> <!-- method navigator-link -->
                      </span>
                      <br/>
                      <span>
                        <img src="passed.png" width="3%"/>
                        <a href="#" panel-name="suite-Hero_App" title="Page_Test.Home_Page_Test" class="method navigator-link" hash-for-method="TC033_frequently_asked_questions">TC033_frequently_asked_questions</a> <!-- method navigator-link -->
                      </span>
                      <br/>
                      <span>
                        <img src="passed.png" width="3%"/>
                        <a href="#" panel-name="suite-Hero_App" title="Page_Test.Home_Page_Test" class="method navigator-link" hash-for-method="TC034_Verify_Technical_Support_Manager">TC034_Verify_Technical_Support_Manager</a> <!-- method navigator-link -->
                      </span>
                      <br/>
                      <span>
                        <img src="passed.png" width="3%"/>
                        <a href="#" panel-name="suite-Hero_App" title="Page_Test.Home_Page_Test" class="method navigator-link" hash-for-method="TC035_Verify_Dealer_Locator">TC035_Verify_Dealer_Locator</a> <!-- method navigator-link -->
                      </span>
                      <br/>
                      <span>
                        <img src="passed.png" width="3%"/>
                        <a href="#" panel-name="suite-Hero_App" title="Page_Test.Home_Page_Test" class="method navigator-link" hash-for-method="TC037_View_dealer_name_and_address">TC037_View_dealer_name_and_address</a> <!-- method navigator-link -->
                      </span>
                      <br/>
                      <span>
                        <img src="passed.png" width="3%"/>
                        <a href="#" panel-name="suite-Hero_App" title="Page_Test.Home_Page_Test" class="method navigator-link" hash-for-method="TC038_verify_Service_at_home_page">TC038_verify_Service_at_home_page</a> <!-- method navigator-link -->
                      </span>
                      <br/>
                    </div> <!-- method-list-content passed suite-Hero_App -->
                  </li>
                </ul>
              </div> <!-- suite-section-content -->
            </div> <!-- result-section -->
          </div> <!-- navigator-suite-content -->
        </div> <!-- rounded-window -->
      </div> <!-- suite -->
    </div> <!-- navigator-root -->
    <div class="wrapper">
      <div class="main-panel-root">
        <div panel-name="suite-Hero_App" class="panel Hero_App">
          <div class="suite-Hero_App-class-failed">
            <div class="main-panel-header rounded-window-top">
              <img src="failed.png"/>
              <span class="class-name">Page_Test.Home_Page_Test</span>
            </div> <!-- main-panel-header rounded-window-top -->
            <div class="main-panel-content rounded-window-bottom">
              <div class="method">
                <div class="method-content">
                  <a name="TC039_Helmets_in_PAM">
                  </a> <!-- TC039_Helmets_in_PAM -->
                  <span class="method-name">TC039_Helmets_in_PAM</span>
                  <div class="stack-trace">java.lang.RuntimeException: org.openqa.selenium.NoSuchElementException: An element could not be located on the page using the given search parameters.
For documentation on this error, please visit: https://selenium.dev/exceptions/#no_such_element
Build info: version: &apos;4.8.1&apos;, revision: &apos;8ebccac989&apos;
System info: os.name: &apos;Mac OS X&apos;, os.arch: &apos;x86_64&apos;, os.version: &apos;15.3.1&apos;, java.version: &apos;21.0.6&apos;
Driver info: io.appium.java_client.ios.IOSDriver
Command: [f74a960f-c9c4-484d-98da-005583430dc9, findElement {using=xpath, value=//XCUIElementTypeButton[@name=&apos;Back&apos;]}]
Capabilities {appium:autoAcceptAlerts: true, appium:automationName: XCUITest, appium:bundleID: com.customerapp.hero, appium:bundleId: com.customerapp.hero, appium:databaseEnabled: false, appium:derivedDataPath: /Users/ltadmin/Documents/ap..., appium:deviceName: iPhone 14 Plus, appium:headless: false, appium:javascriptEnabled: true, appium:locationContextEnabled: false, appium:mode: cloud, appium:nativeWebScreenshot: true, appium:networkConnectionEnabled: false, appium:newCommandTimeout: 0, appium:noReset: false, appium:orientation: PORTRAIT, appium:platformVersion: 16, appium:realDevice: true, appium:takesScreenshot: true, appium:udid: 00008110-001A70C41EE1401E, appium:uiautomator2ServerLaunchTimeout: 60000, appium:usePrebuiltWDA: true, appium:waitForQuiescence: false, appium:wdaLocalPort: 11198, appium:wdaRemotePort: 8100, appium:wdaStartupRetries: 3, appium:webStorageEnabled: false, appium:webkitResponseTimeout: 20000, platformName: IOS}
Session ID: f74a960f-c9c4-484d-98da-005583430dc9
	at com.utility.Base_Utility.Custom_click(Base_Utility.java:305)
	at Page_Test.Home_Page_Test.TC039_Helmets_in_PAM(Home_Page_Test.java:489)
	at java.base/java.util.ArrayList.forEach(ArrayList.java:1596)
Caused by: org.openqa.selenium.NoSuchElementException: An element could not be located on the page using the given search parameters.
For documentation on this error, please visit: https://selenium.dev/exceptions/#no_such_element
Build info: version: &apos;4.8.1&apos;, revision: &apos;8ebccac989&apos;
System info: os.name: &apos;Mac OS X&apos;, os.arch: &apos;x86_64&apos;, os.version: &apos;15.3.1&apos;, java.version: &apos;21.0.6&apos;
Driver info: io.appium.java_client.ios.IOSDriver
Command: [f74a960f-c9c4-484d-98da-005583430dc9, findElement {using=xpath, value=//XCUIElementTypeButton[@name=&apos;Back&apos;]}]
Capabilities {appium:autoAcceptAlerts: true, appium:automationName: XCUITest, appium:bundleID: com.customerapp.hero, appium:bundleId: com.customerapp.hero, appium:databaseEnabled: false, appium:derivedDataPath: /Users/ltadmin/Documents/ap..., appium:deviceName: iPhone 14 Plus, appium:headless: false, appium:javascriptEnabled: true, appium:locationContextEnabled: false, appium:mode: cloud, appium:nativeWebScreenshot: true, appium:networkConnectionEnabled: false, appium:newCommandTimeout: 0, appium:noReset: false, appium:orientation: PORTRAIT, appium:platformVersion: 16, appium:realDevice: true, appium:takesScreenshot: true, appium:udid: 00008110-001A70C41EE1401E, appium:uiautomator2ServerLaunchTimeout: 60000, appium:usePrebuiltWDA: true, appium:waitForQuiescence: false, appium:wdaLocalPort: 11198, appium:wdaRemotePort: 8100, appium:wdaStartupRetries: 3, appium:webStorageEnabled: false, appium:webkitResponseTimeout: 20000, platformName: IOS}
Session ID: f74a960f-c9c4-484d-98da-005583430dc9
	at org.openqa.selenium.remote.codec.w3c.W3CHttpResponseCodec.createException(W3CHttpResponseCodec.java:200)
	at org.openqa.selenium.remote.codec.w3c.W3CHttpResponseCodec.decode(W3CHttpResponseCodec.java:133)
	at org.openqa.selenium.remote.codec.w3c.W3CHttpResponseCodec.decode(W3CHttpResponseCodec.java:53)
	at org.openqa.selenium.remote.HttpCommandExecutor.execute(HttpCommandExecutor.java:184)
	at io.appium.java_client.remote.AppiumCommandExecutor.execute(AppiumCommandExecutor.java:262)
	at org.openqa.selenium.remote.RemoteWebDriver.execute(RemoteWebDriver.java:543)
	at org.openqa.selenium.remote.ElementLocation$ElementFinder$2.findElement(ElementLocation.java:162)
	at org.openqa.selenium.remote.ElementLocation.findElement(ElementLocation.java:60)
	at org.openqa.selenium.remote.RemoteWebDriver.findElement(RemoteWebDriver.java:352)
	at org.openqa.selenium.remote.RemoteWebDriver.findElement(RemoteWebDriver.java:344)
	at org.openqa.selenium.support.pagefactory.DefaultElementLocator.findElement(DefaultElementLocator.java:70)
	at org.openqa.selenium.support.pagefactory.internal.LocatingElementHandler.invoke(LocatingElementHandler.java:39)
	at jdk.proxy2/jdk.proxy2.$Proxy34.isDisplayed(Unknown Source)
	at com.utility.Base_Utility.Custom_click(Base_Utility.java:288)
	... 27 more
... Removed 28 stack frames
</div> <!-- stack-trace -->
                </div> <!-- method-content -->
              </div> <!-- method -->
              <div class="method">
                <div class="method-content">
                  <a name="TC040_Lubricant_in_PAM">
                  </a> <!-- TC040_Lubricant_in_PAM -->
                  <span class="method-name">TC040_Lubricant_in_PAM</span>
                  <div class="stack-trace">java.lang.RuntimeException: org.openqa.selenium.NoSuchElementException: An element could not be located on the page using the given search parameters.
For documentation on this error, please visit: https://selenium.dev/exceptions/#no_such_element
Build info: version: &apos;4.8.1&apos;, revision: &apos;8ebccac989&apos;
System info: os.name: &apos;Mac OS X&apos;, os.arch: &apos;x86_64&apos;, os.version: &apos;15.3.1&apos;, java.version: &apos;21.0.6&apos;
Driver info: io.appium.java_client.ios.IOSDriver
Command: [f74a960f-c9c4-484d-98da-005583430dc9, findElement {using=xpath, value=//XCUIElementTypeButton[@name=&apos;Back&apos;]}]
Capabilities {appium:autoAcceptAlerts: true, appium:automationName: XCUITest, appium:bundleID: com.customerapp.hero, appium:bundleId: com.customerapp.hero, appium:databaseEnabled: false, appium:derivedDataPath: /Users/ltadmin/Documents/ap..., appium:deviceName: iPhone 14 Plus, appium:headless: false, appium:javascriptEnabled: true, appium:locationContextEnabled: false, appium:mode: cloud, appium:nativeWebScreenshot: true, appium:networkConnectionEnabled: false, appium:newCommandTimeout: 0, appium:noReset: false, appium:orientation: PORTRAIT, appium:platformVersion: 16, appium:realDevice: true, appium:takesScreenshot: true, appium:udid: 00008110-001A70C41EE1401E, appium:uiautomator2ServerLaunchTimeout: 60000, appium:usePrebuiltWDA: true, appium:waitForQuiescence: false, appium:wdaLocalPort: 11198, appium:wdaRemotePort: 8100, appium:wdaStartupRetries: 3, appium:webStorageEnabled: false, appium:webkitResponseTimeout: 20000, platformName: IOS}
Session ID: f74a960f-c9c4-484d-98da-005583430dc9
	at com.utility.Base_Utility.Custom_click(Base_Utility.java:305)
	at Page_Test.Home_Page_Test.TC040_Lubricant_in_PAM(Home_Page_Test.java:526)
	at java.base/java.util.ArrayList.forEach(ArrayList.java:1596)
Caused by: org.openqa.selenium.NoSuchElementException: An element could not be located on the page using the given search parameters.
For documentation on this error, please visit: https://selenium.dev/exceptions/#no_such_element
Build info: version: &apos;4.8.1&apos;, revision: &apos;8ebccac989&apos;
System info: os.name: &apos;Mac OS X&apos;, os.arch: &apos;x86_64&apos;, os.version: &apos;15.3.1&apos;, java.version: &apos;21.0.6&apos;
Driver info: io.appium.java_client.ios.IOSDriver
Command: [f74a960f-c9c4-484d-98da-005583430dc9, findElement {using=xpath, value=//XCUIElementTypeButton[@name=&apos;Back&apos;]}]
Capabilities {appium:autoAcceptAlerts: true, appium:automationName: XCUITest, appium:bundleID: com.customerapp.hero, appium:bundleId: com.customerapp.hero, appium:databaseEnabled: false, appium:derivedDataPath: /Users/ltadmin/Documents/ap..., appium:deviceName: iPhone 14 Plus, appium:headless: false, appium:javascriptEnabled: true, appium:locationContextEnabled: false, appium:mode: cloud, appium:nativeWebScreenshot: true, appium:networkConnectionEnabled: false, appium:newCommandTimeout: 0, appium:noReset: false, appium:orientation: PORTRAIT, appium:platformVersion: 16, appium:realDevice: true, appium:takesScreenshot: true, appium:udid: 00008110-001A70C41EE1401E, appium:uiautomator2ServerLaunchTimeout: 60000, appium:usePrebuiltWDA: true, appium:waitForQuiescence: false, appium:wdaLocalPort: 11198, appium:wdaRemotePort: 8100, appium:wdaStartupRetries: 3, appium:webStorageEnabled: false, appium:webkitResponseTimeout: 20000, platformName: IOS}
Session ID: f74a960f-c9c4-484d-98da-005583430dc9
	at org.openqa.selenium.remote.codec.w3c.W3CHttpResponseCodec.createException(W3CHttpResponseCodec.java:200)
	at org.openqa.selenium.remote.codec.w3c.W3CHttpResponseCodec.decode(W3CHttpResponseCodec.java:133)
	at org.openqa.selenium.remote.codec.w3c.W3CHttpResponseCodec.decode(W3CHttpResponseCodec.java:53)
	at org.openqa.selenium.remote.HttpCommandExecutor.execute(HttpCommandExecutor.java:184)
	at io.appium.java_client.remote.AppiumCommandExecutor.execute(AppiumCommandExecutor.java:262)
	at org.openqa.selenium.remote.RemoteWebDriver.execute(RemoteWebDriver.java:543)
	at org.openqa.selenium.remote.ElementLocation$ElementFinder$2.findElement(ElementLocation.java:162)
	at org.openqa.selenium.remote.ElementLocation.findElement(ElementLocation.java:60)
	at org.openqa.selenium.remote.RemoteWebDriver.findElement(RemoteWebDriver.java:352)
	at org.openqa.selenium.remote.RemoteWebDriver.findElement(RemoteWebDriver.java:344)
	at org.openqa.selenium.support.pagefactory.DefaultElementLocator.findElement(DefaultElementLocator.java:70)
	at org.openqa.selenium.support.pagefactory.internal.LocatingElementHandler.invoke(LocatingElementHandler.java:39)
	at jdk.proxy2/jdk.proxy2.$Proxy34.isDisplayed(Unknown Source)
	at com.utility.Base_Utility.Custom_click(Base_Utility.java:288)
	... 27 more
... Removed 28 stack frames
</div> <!-- stack-trace -->
                </div> <!-- method-content -->
              </div> <!-- method -->
              <div class="method">
                <div class="method-content">
                  <a name="TC041_Merchandise_in_PAM">
                  </a> <!-- TC041_Merchandise_in_PAM -->
                  <span class="method-name">TC041_Merchandise_in_PAM</span>
                  <div class="stack-trace">java.lang.RuntimeException: org.openqa.selenium.NoSuchElementException: An element could not be located on the page using the given search parameters.
For documentation on this error, please visit: https://selenium.dev/exceptions/#no_such_element
Build info: version: &apos;4.8.1&apos;, revision: &apos;8ebccac989&apos;
System info: os.name: &apos;Mac OS X&apos;, os.arch: &apos;x86_64&apos;, os.version: &apos;15.3.1&apos;, java.version: &apos;21.0.6&apos;
Driver info: io.appium.java_client.ios.IOSDriver
Command: [f74a960f-c9c4-484d-98da-005583430dc9, findElement {using=xpath, value=//XCUIElementTypeButton[@name=&apos;Back&apos;]}]
Capabilities {appium:autoAcceptAlerts: true, appium:automationName: XCUITest, appium:bundleID: com.customerapp.hero, appium:bundleId: com.customerapp.hero, appium:databaseEnabled: false, appium:derivedDataPath: /Users/ltadmin/Documents/ap..., appium:deviceName: iPhone 14 Plus, appium:headless: false, appium:javascriptEnabled: true, appium:locationContextEnabled: false, appium:mode: cloud, appium:nativeWebScreenshot: true, appium:networkConnectionEnabled: false, appium:newCommandTimeout: 0, appium:noReset: false, appium:orientation: PORTRAIT, appium:platformVersion: 16, appium:realDevice: true, appium:takesScreenshot: true, appium:udid: 00008110-001A70C41EE1401E, appium:uiautomator2ServerLaunchTimeout: 60000, appium:usePrebuiltWDA: true, appium:waitForQuiescence: false, appium:wdaLocalPort: 11198, appium:wdaRemotePort: 8100, appium:wdaStartupRetries: 3, appium:webStorageEnabled: false, appium:webkitResponseTimeout: 20000, platformName: IOS}
Session ID: f74a960f-c9c4-484d-98da-005583430dc9
	at com.utility.Base_Utility.Custom_click(Base_Utility.java:305)
	at Page_Test.Home_Page_Test.TC041_Merchandise_in_PAM(Home_Page_Test.java:564)
	at java.base/java.util.ArrayList.forEach(ArrayList.java:1596)
Caused by: org.openqa.selenium.NoSuchElementException: An element could not be located on the page using the given search parameters.
For documentation on this error, please visit: https://selenium.dev/exceptions/#no_such_element
Build info: version: &apos;4.8.1&apos;, revision: &apos;8ebccac989&apos;
System info: os.name: &apos;Mac OS X&apos;, os.arch: &apos;x86_64&apos;, os.version: &apos;15.3.1&apos;, java.version: &apos;21.0.6&apos;
Driver info: io.appium.java_client.ios.IOSDriver
Command: [f74a960f-c9c4-484d-98da-005583430dc9, findElement {using=xpath, value=//XCUIElementTypeButton[@name=&apos;Back&apos;]}]
Capabilities {appium:autoAcceptAlerts: true, appium:automationName: XCUITest, appium:bundleID: com.customerapp.hero, appium:bundleId: com.customerapp.hero, appium:databaseEnabled: false, appium:derivedDataPath: /Users/ltadmin/Documents/ap..., appium:deviceName: iPhone 14 Plus, appium:headless: false, appium:javascriptEnabled: true, appium:locationContextEnabled: false, appium:mode: cloud, appium:nativeWebScreenshot: true, appium:networkConnectionEnabled: false, appium:newCommandTimeout: 0, appium:noReset: false, appium:orientation: PORTRAIT, appium:platformVersion: 16, appium:realDevice: true, appium:takesScreenshot: true, appium:udid: 00008110-001A70C41EE1401E, appium:uiautomator2ServerLaunchTimeout: 60000, appium:usePrebuiltWDA: true, appium:waitForQuiescence: false, appium:wdaLocalPort: 11198, appium:wdaRemotePort: 8100, appium:wdaStartupRetries: 3, appium:webStorageEnabled: false, appium:webkitResponseTimeout: 20000, platformName: IOS}
Session ID: f74a960f-c9c4-484d-98da-005583430dc9
	at org.openqa.selenium.remote.codec.w3c.W3CHttpResponseCodec.createException(W3CHttpResponseCodec.java:200)
	at org.openqa.selenium.remote.codec.w3c.W3CHttpResponseCodec.decode(W3CHttpResponseCodec.java:133)
	at org.openqa.selenium.remote.codec.w3c.W3CHttpResponseCodec.decode(W3CHttpResponseCodec.java:53)
	at org.openqa.selenium.remote.HttpCommandExecutor.execute(HttpCommandExecutor.java:184)
	at io.appium.java_client.remote.AppiumCommandExecutor.execute(AppiumCommandExecutor.java:262)
	at org.openqa.selenium.remote.RemoteWebDriver.execute(RemoteWebDriver.java:543)
	at org.openqa.selenium.remote.ElementLocation$ElementFinder$2.findElement(ElementLocation.java:162)
	at org.openqa.selenium.remote.ElementLocation.findElement(ElementLocation.java:60)
	at org.openqa.selenium.remote.RemoteWebDriver.findElement(RemoteWebDriver.java:352)
	at org.openqa.selenium.remote.RemoteWebDriver.findElement(RemoteWebDriver.java:344)
	at org.openqa.selenium.support.pagefactory.DefaultElementLocator.findElement(DefaultElementLocator.java:70)
	at org.openqa.selenium.support.pagefactory.internal.LocatingElementHandler.invoke(LocatingElementHandler.java:39)
	at jdk.proxy2/jdk.proxy2.$Proxy34.isDisplayed(Unknown Source)
	at com.utility.Base_Utility.Custom_click(Base_Utility.java:288)
	... 27 more
... Removed 28 stack frames
</div> <!-- stack-trace -->
                </div> <!-- method-content -->
              </div> <!-- method -->
              <div class="method">
                <div class="method-content">
                  <a name="TC042_Accessories_in_PAM">
                  </a> <!-- TC042_Accessories_in_PAM -->
                  <span class="method-name">TC042_Accessories_in_PAM</span>
                  <div class="stack-trace">java.lang.RuntimeException: org.openqa.selenium.NoSuchElementException: An element could not be located on the page using the given search parameters.
For documentation on this error, please visit: https://selenium.dev/exceptions/#no_such_element
Build info: version: &apos;4.8.1&apos;, revision: &apos;8ebccac989&apos;
System info: os.name: &apos;Mac OS X&apos;, os.arch: &apos;x86_64&apos;, os.version: &apos;15.3.1&apos;, java.version: &apos;21.0.6&apos;
Driver info: io.appium.java_client.ios.IOSDriver
Command: [f74a960f-c9c4-484d-98da-005583430dc9, findElement {using=xpath, value=//XCUIElementTypeButton[@name=&apos;Back&apos;]}]
Capabilities {appium:autoAcceptAlerts: true, appium:automationName: XCUITest, appium:bundleID: com.customerapp.hero, appium:bundleId: com.customerapp.hero, appium:databaseEnabled: false, appium:derivedDataPath: /Users/ltadmin/Documents/ap..., appium:deviceName: iPhone 14 Plus, appium:headless: false, appium:javascriptEnabled: true, appium:locationContextEnabled: false, appium:mode: cloud, appium:nativeWebScreenshot: true, appium:networkConnectionEnabled: false, appium:newCommandTimeout: 0, appium:noReset: false, appium:orientation: PORTRAIT, appium:platformVersion: 16, appium:realDevice: true, appium:takesScreenshot: true, appium:udid: 00008110-001A70C41EE1401E, appium:uiautomator2ServerLaunchTimeout: 60000, appium:usePrebuiltWDA: true, appium:waitForQuiescence: false, appium:wdaLocalPort: 11198, appium:wdaRemotePort: 8100, appium:wdaStartupRetries: 3, appium:webStorageEnabled: false, appium:webkitResponseTimeout: 20000, platformName: IOS}
Session ID: f74a960f-c9c4-484d-98da-005583430dc9
	at com.utility.Base_Utility.Custom_click(Base_Utility.java:305)
	at Page_Test.Home_Page_Test.TC042_Accessories_in_PAM(Home_Page_Test.java:603)
	at java.base/java.util.ArrayList.forEach(ArrayList.java:1596)
Caused by: org.openqa.selenium.NoSuchElementException: An element could not be located on the page using the given search parameters.
For documentation on this error, please visit: https://selenium.dev/exceptions/#no_such_element
Build info: version: &apos;4.8.1&apos;, revision: &apos;8ebccac989&apos;
System info: os.name: &apos;Mac OS X&apos;, os.arch: &apos;x86_64&apos;, os.version: &apos;15.3.1&apos;, java.version: &apos;21.0.6&apos;
Driver info: io.appium.java_client.ios.IOSDriver
Command: [f74a960f-c9c4-484d-98da-005583430dc9, findElement {using=xpath, value=//XCUIElementTypeButton[@name=&apos;Back&apos;]}]
Capabilities {appium:autoAcceptAlerts: true, appium:automationName: XCUITest, appium:bundleID: com.customerapp.hero, appium:bundleId: com.customerapp.hero, appium:databaseEnabled: false, appium:derivedDataPath: /Users/ltadmin/Documents/ap..., appium:deviceName: iPhone 14 Plus, appium:headless: false, appium:javascriptEnabled: true, appium:locationContextEnabled: false, appium:mode: cloud, appium:nativeWebScreenshot: true, appium:networkConnectionEnabled: false, appium:newCommandTimeout: 0, appium:noReset: false, appium:orientation: PORTRAIT, appium:platformVersion: 16, appium:realDevice: true, appium:takesScreenshot: true, appium:udid: 00008110-001A70C41EE1401E, appium:uiautomator2ServerLaunchTimeout: 60000, appium:usePrebuiltWDA: true, appium:waitForQuiescence: false, appium:wdaLocalPort: 11198, appium:wdaRemotePort: 8100, appium:wdaStartupRetries: 3, appium:webStorageEnabled: false, appium:webkitResponseTimeout: 20000, platformName: IOS}
Session ID: f74a960f-c9c4-484d-98da-005583430dc9
	at org.openqa.selenium.remote.codec.w3c.W3CHttpResponseCodec.createException(W3CHttpResponseCodec.java:200)
	at org.openqa.selenium.remote.codec.w3c.W3CHttpResponseCodec.decode(W3CHttpResponseCodec.java:133)
	at org.openqa.selenium.remote.codec.w3c.W3CHttpResponseCodec.decode(W3CHttpResponseCodec.java:53)
	at org.openqa.selenium.remote.HttpCommandExecutor.execute(HttpCommandExecutor.java:184)
	at io.appium.java_client.remote.AppiumCommandExecutor.execute(AppiumCommandExecutor.java:262)
	at org.openqa.selenium.remote.RemoteWebDriver.execute(RemoteWebDriver.java:543)
	at org.openqa.selenium.remote.ElementLocation$ElementFinder$2.findElement(ElementLocation.java:162)
	at org.openqa.selenium.remote.ElementLocation.findElement(ElementLocation.java:60)
	at org.openqa.selenium.remote.RemoteWebDriver.findElement(RemoteWebDriver.java:352)
	at org.openqa.selenium.remote.RemoteWebDriver.findElement(RemoteWebDriver.java:344)
	at org.openqa.selenium.support.pagefactory.DefaultElementLocator.findElement(DefaultElementLocator.java:70)
	at org.openqa.selenium.support.pagefactory.internal.LocatingElementHandler.invoke(LocatingElementHandler.java:39)
	at jdk.proxy2/jdk.proxy2.$Proxy34.isDisplayed(Unknown Source)
	at com.utility.Base_Utility.Custom_click(Base_Utility.java:288)
	... 27 more
... Removed 28 stack frames
</div> <!-- stack-trace -->
                </div> <!-- method-content -->
              </div> <!-- method -->
              <div class="method">
                <div class="method-content">
                  <a name="TC043_View_All_Accessories_in_PAM">
                  </a> <!-- TC043_View_All_Accessories_in_PAM -->
                  <span class="method-name">TC043_View_All_Accessories_in_PAM</span>
                  <div class="stack-trace">java.lang.AssertionError: Test interrupted: org.openqa.selenium.NoSuchElementException: An element could not be located on the page using the given search parameters.
For documentation on this error, please visit: https://selenium.dev/exceptions/#no_such_element
Build info: version: &apos;4.8.1&apos;, revision: &apos;8ebccac989&apos;
System info: os.name: &apos;Mac OS X&apos;, os.arch: &apos;x86_64&apos;, os.version: &apos;15.3.1&apos;, java.version: &apos;21.0.6&apos;
Driver info: io.appium.java_client.ios.IOSDriver
Command: [f74a960f-c9c4-484d-98da-005583430dc9, findElement {using=xpath, value=//XCUIElementTypeButton[@name=&apos;Ôê£&apos;]}]
Capabilities {appium:autoAcceptAlerts: true, appium:automationName: XCUITest, appium:bundleID: com.customerapp.hero, appium:bundleId: com.customerapp.hero, appium:databaseEnabled: false, appium:derivedDataPath: /Users/ltadmin/Documents/ap..., appium:deviceName: iPhone 14 Plus, appium:headless: false, appium:javascriptEnabled: true, appium:locationContextEnabled: false, appium:mode: cloud, appium:nativeWebScreenshot: true, appium:networkConnectionEnabled: false, appium:newCommandTimeout: 0, appium:noReset: false, appium:orientation: PORTRAIT, appium:platformVersion: 16, appium:realDevice: true, appium:takesScreenshot: true, appium:udid: 00008110-001A70C41EE1401E, appium:uiautomator2ServerLaunchTimeout: 60000, appium:usePrebuiltWDA: true, appium:waitForQuiescence: false, appium:wdaLocalPort: 11198, appium:wdaRemotePort: 8100, appium:wdaStartupRetries: 3, appium:webStorageEnabled: false, appium:webkitResponseTimeout: 20000, platformName: IOS}
Session ID: f74a960f-c9c4-484d-98da-005583430dc9
	at Page_Test.Home_Page_Test.TC043_View_All_Accessories_in_PAM(Home_Page_Test.java:635)
	at java.base/java.util.ArrayList.forEach(ArrayList.java:1596)
... Removed 26 stack frames
</div> <!-- stack-trace -->
                </div> <!-- method-content -->
              </div> <!-- method -->
              <div class="method">
                <div class="method-content">
                  <a name="TC044_verify_Check_Out_at_home_page">
                  </a> <!-- TC044_verify_Check_Out_at_home_page -->
                  <span class="method-name">TC044_verify_Check_Out_at_home_page</span>
                  <div class="stack-trace">java.lang.RuntimeException: org.openqa.selenium.NoSuchElementException: An element could not be located on the page using the given search parameters.
For documentation on this error, please visit: https://selenium.dev/exceptions/#no_such_element
Build info: version: &apos;4.8.1&apos;, revision: &apos;8ebccac989&apos;
System info: os.name: &apos;Mac OS X&apos;, os.arch: &apos;x86_64&apos;, os.version: &apos;15.3.1&apos;, java.version: &apos;21.0.6&apos;
Driver info: io.appium.java_client.ios.IOSDriver
Command: [f74a960f-c9c4-484d-98da-005583430dc9, findElement {using=xpath, value=//XCUIElementTypeButton[@name=&apos;Back&apos;]}]
Capabilities {appium:autoAcceptAlerts: true, appium:automationName: XCUITest, appium:bundleID: com.customerapp.hero, appium:bundleId: com.customerapp.hero, appium:databaseEnabled: false, appium:derivedDataPath: /Users/ltadmin/Documents/ap..., appium:deviceName: iPhone 14 Plus, appium:headless: false, appium:javascriptEnabled: true, appium:locationContextEnabled: false, appium:mode: cloud, appium:nativeWebScreenshot: true, appium:networkConnectionEnabled: false, appium:newCommandTimeout: 0, appium:noReset: false, appium:orientation: PORTRAIT, appium:platformVersion: 16, appium:realDevice: true, appium:takesScreenshot: true, appium:udid: 00008110-001A70C41EE1401E, appium:uiautomator2ServerLaunchTimeout: 60000, appium:usePrebuiltWDA: true, appium:waitForQuiescence: false, appium:wdaLocalPort: 11198, appium:wdaRemotePort: 8100, appium:wdaStartupRetries: 3, appium:webStorageEnabled: false, appium:webkitResponseTimeout: 20000, platformName: IOS}
Session ID: f74a960f-c9c4-484d-98da-005583430dc9
	at com.utility.Base_Utility.Custom_click(Base_Utility.java:305)
	at Page_Test.Home_Page_Test.TC044_verify_Check_Out_at_home_page(Home_Page_Test.java:652)
	at java.base/java.util.ArrayList.forEach(ArrayList.java:1596)
Caused by: org.openqa.selenium.NoSuchElementException: An element could not be located on the page using the given search parameters.
For documentation on this error, please visit: https://selenium.dev/exceptions/#no_such_element
Build info: version: &apos;4.8.1&apos;, revision: &apos;8ebccac989&apos;
System info: os.name: &apos;Mac OS X&apos;, os.arch: &apos;x86_64&apos;, os.version: &apos;15.3.1&apos;, java.version: &apos;21.0.6&apos;
Driver info: io.appium.java_client.ios.IOSDriver
Command: [f74a960f-c9c4-484d-98da-005583430dc9, findElement {using=xpath, value=//XCUIElementTypeButton[@name=&apos;Back&apos;]}]
Capabilities {appium:autoAcceptAlerts: true, appium:automationName: XCUITest, appium:bundleID: com.customerapp.hero, appium:bundleId: com.customerapp.hero, appium:databaseEnabled: false, appium:derivedDataPath: /Users/ltadmin/Documents/ap..., appium:deviceName: iPhone 14 Plus, appium:headless: false, appium:javascriptEnabled: true, appium:locationContextEnabled: false, appium:mode: cloud, appium:nativeWebScreenshot: true, appium:networkConnectionEnabled: false, appium:newCommandTimeout: 0, appium:noReset: false, appium:orientation: PORTRAIT, appium:platformVersion: 16, appium:realDevice: true, appium:takesScreenshot: true, appium:udid: 00008110-001A70C41EE1401E, appium:uiautomator2ServerLaunchTimeout: 60000, appium:usePrebuiltWDA: true, appium:waitForQuiescence: false, appium:wdaLocalPort: 11198, appium:wdaRemotePort: 8100, appium:wdaStartupRetries: 3, appium:webStorageEnabled: false, appium:webkitResponseTimeout: 20000, platformName: IOS}
Session ID: f74a960f-c9c4-484d-98da-005583430dc9
	at org.openqa.selenium.remote.codec.w3c.W3CHttpResponseCodec.createException(W3CHttpResponseCodec.java:200)
	at org.openqa.selenium.remote.codec.w3c.W3CHttpResponseCodec.decode(W3CHttpResponseCodec.java:133)
	at org.openqa.selenium.remote.codec.w3c.W3CHttpResponseCodec.decode(W3CHttpResponseCodec.java:53)
	at org.openqa.selenium.remote.HttpCommandExecutor.execute(HttpCommandExecutor.java:184)
	at io.appium.java_client.remote.AppiumCommandExecutor.execute(AppiumCommandExecutor.java:262)
	at org.openqa.selenium.remote.RemoteWebDriver.execute(RemoteWebDriver.java:543)
	at org.openqa.selenium.remote.ElementLocation$ElementFinder$2.findElement(ElementLocation.java:162)
	at org.openqa.selenium.remote.ElementLocation.findElement(ElementLocation.java:60)
	at org.openqa.selenium.remote.RemoteWebDriver.findElement(RemoteWebDriver.java:352)
	at org.openqa.selenium.remote.RemoteWebDriver.findElement(RemoteWebDriver.java:344)
	at org.openqa.selenium.support.pagefactory.DefaultElementLocator.findElement(DefaultElementLocator.java:70)
	at org.openqa.selenium.support.pagefactory.internal.LocatingElementHandler.invoke(LocatingElementHandler.java:39)
	at jdk.proxy2/jdk.proxy2.$Proxy34.isDisplayed(Unknown Source)
	at com.utility.Base_Utility.Custom_click(Base_Utility.java:288)
	... 27 more
... Removed 28 stack frames
</div> <!-- stack-trace -->
                </div> <!-- method-content -->
              </div> <!-- method -->
              <div class="method">
                <div class="method-content">
                  <a name="TC045_verify_Benifits_Vehicle_Exchange">
                  </a> <!-- TC045_verify_Benifits_Vehicle_Exchange -->
                  <span class="method-name">TC045_verify_Benifits_Vehicle_Exchange</span>
                  <div class="stack-trace">java.lang.RuntimeException: org.openqa.selenium.NoSuchElementException: An element could not be located on the page using the given search parameters.
For documentation on this error, please visit: https://selenium.dev/exceptions/#no_such_element
Build info: version: &apos;4.8.1&apos;, revision: &apos;8ebccac989&apos;
System info: os.name: &apos;Mac OS X&apos;, os.arch: &apos;x86_64&apos;, os.version: &apos;15.3.1&apos;, java.version: &apos;21.0.6&apos;
Driver info: io.appium.java_client.ios.IOSDriver
Command: [f74a960f-c9c4-484d-98da-005583430dc9, findElement {using=xpath, value=//XCUIElementTypeButton[@name=&apos;Back&apos;]}]
Capabilities {appium:autoAcceptAlerts: true, appium:automationName: XCUITest, appium:bundleID: com.customerapp.hero, appium:bundleId: com.customerapp.hero, appium:databaseEnabled: false, appium:derivedDataPath: /Users/ltadmin/Documents/ap..., appium:deviceName: iPhone 14 Plus, appium:headless: false, appium:javascriptEnabled: true, appium:locationContextEnabled: false, appium:mode: cloud, appium:nativeWebScreenshot: true, appium:networkConnectionEnabled: false, appium:newCommandTimeout: 0, appium:noReset: false, appium:orientation: PORTRAIT, appium:platformVersion: 16, appium:realDevice: true, appium:takesScreenshot: true, appium:udid: 00008110-001A70C41EE1401E, appium:uiautomator2ServerLaunchTimeout: 60000, appium:usePrebuiltWDA: true, appium:waitForQuiescence: false, appium:wdaLocalPort: 11198, appium:wdaRemotePort: 8100, appium:wdaStartupRetries: 3, appium:webStorageEnabled: false, appium:webkitResponseTimeout: 20000, platformName: IOS}
Session ID: f74a960f-c9c4-484d-98da-005583430dc9
	at com.utility.Base_Utility.Custom_click(Base_Utility.java:305)
	at Page_Test.Home_Page_Test.TC045_verify_Benifits_Vehicle_Exchange(Home_Page_Test.java:668)
	at java.base/java.util.ArrayList.forEach(ArrayList.java:1596)
Caused by: org.openqa.selenium.NoSuchElementException: An element could not be located on the page using the given search parameters.
For documentation on this error, please visit: https://selenium.dev/exceptions/#no_such_element
Build info: version: &apos;4.8.1&apos;, revision: &apos;8ebccac989&apos;
System info: os.name: &apos;Mac OS X&apos;, os.arch: &apos;x86_64&apos;, os.version: &apos;15.3.1&apos;, java.version: &apos;21.0.6&apos;
Driver info: io.appium.java_client.ios.IOSDriver
Command: [f74a960f-c9c4-484d-98da-005583430dc9, findElement {using=xpath, value=//XCUIElementTypeButton[@name=&apos;Back&apos;]}]
Capabilities {appium:autoAcceptAlerts: true, appium:automationName: XCUITest, appium:bundleID: com.customerapp.hero, appium:bundleId: com.customerapp.hero, appium:databaseEnabled: false, appium:derivedDataPath: /Users/ltadmin/Documents/ap..., appium:deviceName: iPhone 14 Plus, appium:headless: false, appium:javascriptEnabled: true, appium:locationContextEnabled: false, appium:mode: cloud, appium:nativeWebScreenshot: true, appium:networkConnectionEnabled: false, appium:newCommandTimeout: 0, appium:noReset: false, appium:orientation: PORTRAIT, appium:platformVersion: 16, appium:realDevice: true, appium:takesScreenshot: true, appium:udid: 00008110-001A70C41EE1401E, appium:uiautomator2ServerLaunchTimeout: 60000, appium:usePrebuiltWDA: true, appium:waitForQuiescence: false, appium:wdaLocalPort: 11198, appium:wdaRemotePort: 8100, appium:wdaStartupRetries: 3, appium:webStorageEnabled: false, appium:webkitResponseTimeout: 20000, platformName: IOS}
Session ID: f74a960f-c9c4-484d-98da-005583430dc9
	at org.openqa.selenium.remote.codec.w3c.W3CHttpResponseCodec.createException(W3CHttpResponseCodec.java:200)
	at org.openqa.selenium.remote.codec.w3c.W3CHttpResponseCodec.decode(W3CHttpResponseCodec.java:133)
	at org.openqa.selenium.remote.codec.w3c.W3CHttpResponseCodec.decode(W3CHttpResponseCodec.java:53)
	at org.openqa.selenium.remote.HttpCommandExecutor.execute(HttpCommandExecutor.java:184)
	at io.appium.java_client.remote.AppiumCommandExecutor.execute(AppiumCommandExecutor.java:262)
	at org.openqa.selenium.remote.RemoteWebDriver.execute(RemoteWebDriver.java:543)
	at org.openqa.selenium.remote.ElementLocation$ElementFinder$2.findElement(ElementLocation.java:162)
	at org.openqa.selenium.remote.ElementLocation.findElement(ElementLocation.java:60)
	at org.openqa.selenium.remote.RemoteWebDriver.findElement(RemoteWebDriver.java:352)
	at org.openqa.selenium.remote.RemoteWebDriver.findElement(RemoteWebDriver.java:344)
	at org.openqa.selenium.support.pagefactory.DefaultElementLocator.findElement(DefaultElementLocator.java:70)
	at org.openqa.selenium.support.pagefactory.internal.LocatingElementHandler.invoke(LocatingElementHandler.java:39)
	at jdk.proxy2/jdk.proxy2.$Proxy34.isDisplayed(Unknown Source)
	at com.utility.Base_Utility.Custom_click(Base_Utility.java:288)
	... 27 more
... Removed 28 stack frames
</div> <!-- stack-trace -->
                </div> <!-- method-content -->
              </div> <!-- method -->
            </div> <!-- main-panel-content rounded-window-bottom -->
          </div> <!-- suite-Hero_App-class-failed -->
          <div class="suite-Hero_App-class-passed">
            <div class="main-panel-header rounded-window-top">
              <img src="passed.png"/>
              <span class="class-name">Page_Test.Home_Page_Test</span>
            </div> <!-- main-panel-header rounded-window-top -->
            <div class="main-panel-content rounded-window-bottom">
              <div class="method">
                <div class="method-content">
                  <a name="TC019_Home_page_verify">
                  </a> <!-- TC019_Home_page_verify -->
                  <span class="method-name">TC019_Home_page_verify</span>
                </div> <!-- method-content -->
              </div> <!-- method -->
              <div class="method">
                <div class="method-content">
                  <a name="TC020_verify_SOS">
                  </a> <!-- TC020_verify_SOS -->
                  <span class="method-name">TC020_verify_SOS</span>
                </div> <!-- method-content -->
              </div> <!-- method -->
              <div class="method">
                <div class="method-content">
                  <a name="TC021_verify_Navigate">
                  </a> <!-- TC021_verify_Navigate -->
                  <span class="method-name">TC021_verify_Navigate</span>
                </div> <!-- method-content -->
              </div> <!-- method -->
              <div class="method">
                <div class="method-content">
                  <a name="TC022_verify_Exchange">
                  </a> <!-- TC022_verify_Exchange -->
                  <span class="method-name">TC022_verify_Exchange</span>
                </div> <!-- method-content -->
              </div> <!-- method -->
              <div class="method">
                <div class="method-content">
                  <a name="TC023_verify_Vehicle_details">
                  </a> <!-- TC023_verify_Vehicle_details -->
                  <span class="method-name">TC023_verify_Vehicle_details</span>
                </div> <!-- method-content -->
              </div> <!-- method -->
              <div class="method">
                <div class="method-content">
                  <a name="TC024_verify_Vehicle_condition">
                  </a> <!-- TC024_verify_Vehicle_condition -->
                  <span class="method-name">TC024_verify_Vehicle_condition</span>
                </div> <!-- method-content -->
              </div> <!-- method -->
              <div class="method">
                <div class="method-content">
                  <a name="TC025_verify_Vehicle_valution">
                  </a> <!-- TC025_verify_Vehicle_valution -->
                  <span class="method-name">TC025_verify_Vehicle_valution</span>
                </div> <!-- method-content -->
              </div> <!-- method -->
              <div class="method">
                <div class="method-content">
                  <a name="TC026_Verify_RC_Documents">
                  </a> <!-- TC026_Verify_RC_Documents -->
                  <span class="method-name">TC026_Verify_RC_Documents</span>
                </div> <!-- method-content -->
              </div> <!-- method -->
              <div class="method">
                <div class="method-content">
                  <a name="TC027_Verify_Insurance_Documents">
                  </a> <!-- TC027_Verify_Insurance_Documents -->
                  <span class="method-name">TC027_Verify_Insurance_Documents</span>
                </div> <!-- method-content -->
              </div> <!-- method -->
              <div class="method">
                <div class="method-content">
                  <a name="TC028_Verify_PUC_Documents">
                  </a> <!-- TC028_Verify_PUC_Documents -->
                  <span class="method-name">TC028_Verify_PUC_Documents</span>
                </div> <!-- method-content -->
              </div> <!-- method -->
              <div class="method">
                <div class="method-content">
                  <a name="TC029_Verify_Challans_Documents">
                  </a> <!-- TC029_Verify_Challans_Documents -->
                  <span class="method-name">TC029_Verify_Challans_Documents</span>
                </div> <!-- method-content -->
              </div> <!-- method -->
              <div class="method">
                <div class="method-content">
                  <a name="TC030_Verify_Relationship_Manager">
                  </a> <!-- TC030_Verify_Relationship_Manager -->
                  <span class="method-name">TC030_Verify_Relationship_Manager</span>
                </div> <!-- method-content -->
              </div> <!-- method -->
              <div class="method">
                <div class="method-content">
                  <a name="TC031_Verify_RSA">
                  </a> <!-- TC031_Verify_RSA -->
                  <span class="method-name">TC031_Verify_RSA</span>
                </div> <!-- method-content -->
              </div> <!-- method -->
              <div class="method">
                <div class="method-content">
                  <a name="TC032_Renew_RSA">
                  </a> <!-- TC032_Renew_RSA -->
                  <span class="method-name">TC032_Renew_RSA</span>
                </div> <!-- method-content -->
              </div> <!-- method -->
              <div class="method">
                <div class="method-content">
                  <a name="TC033_frequently_asked_questions">
                  </a> <!-- TC033_frequently_asked_questions -->
                  <span class="method-name">TC033_frequently_asked_questions</span>
                </div> <!-- method-content -->
              </div> <!-- method -->
              <div class="method">
                <div class="method-content">
                  <a name="TC034_Verify_Technical_Support_Manager">
                  </a> <!-- TC034_Verify_Technical_Support_Manager -->
                  <span class="method-name">TC034_Verify_Technical_Support_Manager</span>
                </div> <!-- method-content -->
              </div> <!-- method -->
              <div class="method">
                <div class="method-content">
                  <a name="TC035_Verify_Dealer_Locator">
                  </a> <!-- TC035_Verify_Dealer_Locator -->
                  <span class="method-name">TC035_Verify_Dealer_Locator</span>
                </div> <!-- method-content -->
              </div> <!-- method -->
              <div class="method">
                <div class="method-content">
                  <a name="TC037_View_dealer_name_and_address">
                  </a> <!-- TC037_View_dealer_name_and_address -->
                  <span class="method-name">TC037_View_dealer_name_and_address</span>
                </div> <!-- method-content -->
              </div> <!-- method -->
              <div class="method">
                <div class="method-content">
                  <a name="TC038_verify_Service_at_home_page">
                  </a> <!-- TC038_verify_Service_at_home_page -->
                  <span class="method-name">TC038_verify_Service_at_home_page</span>
                </div> <!-- method-content -->
              </div> <!-- method -->
            </div> <!-- main-panel-content rounded-window-bottom -->
          </div> <!-- suite-Hero_App-class-passed -->
        </div> <!-- panel Hero_App -->
        <div panel-name="test-xml-Hero_App" class="panel">
          <div class="main-panel-header rounded-window-top">
            <span class="header-content">/Users/apple/git/One_App_IOS/testng.xml</span>
          </div> <!-- main-panel-header rounded-window-top -->
          <div class="main-panel-content rounded-window-bottom">
            <pre>
&lt;?xml version=&quot;1.0&quot; encoding=&quot;UTF-8&quot;?&gt;
&lt;!DOCTYPE suite SYSTEM &quot;https://testng.org/testng-1.0.dtd&quot;&gt;
&lt;suite name=&quot;Hero_App&quot; guice-stage=&quot;DEVELOPMENT&quot;&gt;
  &lt;listeners&gt;
    &lt;listener class-name=&quot;com.utility.listner&quot;/&gt;
  &lt;/listeners&gt;
  &lt;test thread-count=&quot;5&quot; name=&quot;Home_Page_Test&quot;&gt;
    &lt;classes&gt;
      &lt;class name=&quot;Page_Test.Home_Page_Test&quot;/&gt;
    &lt;/classes&gt;
  &lt;/test&gt; &lt;!-- Home_Page_Test --&gt;
&lt;/suite&gt; &lt;!-- Hero_App --&gt;
            </pre>
          </div> <!-- main-panel-content rounded-window-bottom -->
        </div> <!-- panel -->
        <div panel-name="testlist-Hero_App" class="panel">
          <div class="main-panel-header rounded-window-top">
            <span class="header-content">Tests for Hero_App</span>
          </div> <!-- main-panel-header rounded-window-top -->
          <div class="main-panel-content rounded-window-bottom">
            <ul>
              <li>
                <span class="test-name">Home_Page_Test (1 class)</span>
              </li>
            </ul>
          </div> <!-- main-panel-content rounded-window-bottom -->
        </div> <!-- panel -->
        <div panel-name="group-Hero_App" class="panel">
          <div class="main-panel-header rounded-window-top">
            <span class="header-content">Groups for Hero_App</span>
          </div> <!-- main-panel-header rounded-window-top -->
          <div class="main-panel-content rounded-window-bottom">
          </div> <!-- main-panel-content rounded-window-bottom -->
        </div> <!-- panel -->
        <div panel-name="times-Hero_App" class="panel">
          <div class="main-panel-header rounded-window-top">
            <span class="header-content">Times for Hero_App</span>
          </div> <!-- main-panel-header rounded-window-top -->
          <div class="main-panel-content rounded-window-bottom">
            <div class="times-div">
              <script type="text/javascript">
suiteTableInitFunctions.push('tableData_Hero_App');
function tableData_Hero_App() {
var data = new google.visualization.DataTable();
data.addColumn('number', 'Number');
data.addColumn('string', 'Method');
data.addColumn('string', 'Class');
data.addColumn('number', 'Time (ms)');
data.addRows(26);
data.setCell(0, 0, 0)
data.setCell(0, 1, 'TC031_Verify_RSA')
data.setCell(0, 2, 'Page_Test.Home_Page_Test')
data.setCell(0, 3, 319135);
data.setCell(1, 0, 1)
data.setCell(1, 1, 'TC019_Home_page_verify')
data.setCell(1, 2, 'Page_Test.Home_Page_Test')
data.setCell(1, 3, 182163);
data.setCell(2, 0, 2)
data.setCell(2, 1, 'TC025_verify_Vehicle_valution')
data.setCell(2, 2, 'Page_Test.Home_Page_Test')
data.setCell(2, 3, 127005);
data.setCell(3, 0, 3)
data.setCell(3, 1, 'TC024_verify_Vehicle_condition')
data.setCell(3, 2, 'Page_Test.Home_Page_Test')
data.setCell(3, 3, 59738);
data.setCell(4, 0, 4)
data.setCell(4, 1, 'TC026_Verify_RC_Documents')
data.setCell(4, 2, 'Page_Test.Home_Page_Test')
data.setCell(4, 3, 58682);
data.setCell(5, 0, 5)
data.setCell(5, 1, 'TC044_verify_Check_Out_at_home_page')
data.setCell(5, 2, 'Page_Test.Home_Page_Test')
data.setCell(5, 3, 51940);
data.setCell(6, 0, 6)
data.setCell(6, 1, 'TC041_Merchandise_in_PAM')
data.setCell(6, 2, 'Page_Test.Home_Page_Test')
data.setCell(6, 3, 51641);
data.setCell(7, 0, 7)
data.setCell(7, 1, 'TC040_Lubricant_in_PAM')
data.setCell(7, 2, 'Page_Test.Home_Page_Test')
data.setCell(7, 3, 51562);
data.setCell(8, 0, 8)
data.setCell(8, 1, 'TC042_Accessories_in_PAM')
data.setCell(8, 2, 'Page_Test.Home_Page_Test')
data.setCell(8, 3, 51106);
data.setCell(9, 0, 9)
data.setCell(9, 1, 'TC039_Helmets_in_PAM')
data.setCell(9, 2, 'Page_Test.Home_Page_Test')
data.setCell(9, 3, 49395);
data.setCell(10, 0, 10)
data.setCell(10, 1, 'TC027_Verify_Insurance_Documents')
data.setCell(10, 2, 'Page_Test.Home_Page_Test')
data.setCell(10, 3, 49368);
data.setCell(11, 0, 11)
data.setCell(11, 1, 'TC022_verify_Exchange')
data.setCell(11, 2, 'Page_Test.Home_Page_Test')
data.setCell(11, 3, 46304);
data.setCell(12, 0, 12)
data.setCell(12, 1, 'TC020_verify_SOS')
data.setCell(12, 2, 'Page_Test.Home_Page_Test')
data.setCell(12, 3, 43828);
data.setCell(13, 0, 13)
data.setCell(13, 1, 'TC021_verify_Navigate')
data.setCell(13, 2, 'Page_Test.Home_Page_Test')
data.setCell(13, 3, 41910);
data.setCell(14, 0, 14)
data.setCell(14, 1, 'TC028_Verify_PUC_Documents')
data.setCell(14, 2, 'Page_Test.Home_Page_Test')
data.setCell(14, 3, 38766);
data.setCell(15, 0, 15)
data.setCell(15, 1, 'TC034_Verify_Technical_Support_Manager')
data.setCell(15, 2, 'Page_Test.Home_Page_Test')
data.setCell(15, 3, 36220);
data.setCell(16, 0, 16)
data.setCell(16, 1, 'TC032_Renew_RSA')
data.setCell(16, 2, 'Page_Test.Home_Page_Test')
data.setCell(16, 3, 31753);
data.setCell(17, 0, 17)
data.setCell(17, 1, 'TC043_View_All_Accessories_in_PAM')
data.setCell(17, 2, 'Page_Test.Home_Page_Test')
data.setCell(17, 3, 31649);
data.setCell(18, 0, 18)
data.setCell(18, 1, 'TC023_verify_Vehicle_details')
data.setCell(18, 2, 'Page_Test.Home_Page_Test')
data.setCell(18, 3, 28882);
data.setCell(19, 0, 19)
data.setCell(19, 1, 'TC033_frequently_asked_questions')
data.setCell(19, 2, 'Page_Test.Home_Page_Test')
data.setCell(19, 3, 28157);
data.setCell(20, 0, 20)
data.setCell(20, 1, 'TC030_Verify_Relationship_Manager')
data.setCell(20, 2, 'Page_Test.Home_Page_Test')
data.setCell(20, 3, 26795);
data.setCell(21, 0, 21)
data.setCell(21, 1, 'TC045_verify_Benifits_Vehicle_Exchange')
data.setCell(21, 2, 'Page_Test.Home_Page_Test')
data.setCell(21, 3, 26506);
data.setCell(22, 0, 22)
data.setCell(22, 1, 'TC037_View_dealer_name_and_address')
data.setCell(22, 2, 'Page_Test.Home_Page_Test')
data.setCell(22, 3, 21010);
data.setCell(23, 0, 23)
data.setCell(23, 1, 'TC029_Verify_Challans_Documents')
data.setCell(23, 2, 'Page_Test.Home_Page_Test')
data.setCell(23, 3, 16257);
data.setCell(24, 0, 24)
data.setCell(24, 1, 'TC038_verify_Service_at_home_page')
data.setCell(24, 2, 'Page_Test.Home_Page_Test')
data.setCell(24, 3, 14250);
data.setCell(25, 0, 25)
data.setCell(25, 1, 'TC035_Verify_Dealer_Locator')
data.setCell(25, 2, 'Page_Test.Home_Page_Test')
data.setCell(25, 3, 11182);
window.suiteTableData['Hero_App']= { tableData: data, tableDiv: 'times-div-Hero_App'}
return data;
}
              </script>
              <span class="suite-total-time">Total running time: 24 minutes</span>
              <div id="times-div-Hero_App">
              </div> <!-- times-div-Hero_App -->
            </div> <!-- times-div -->
          </div> <!-- main-panel-content rounded-window-bottom -->
        </div> <!-- panel -->
        <div panel-name="reporter-Hero_App" class="panel">
          <div class="main-panel-header rounded-window-top">
            <span class="header-content">Reporter output for Hero_App</span>
          </div> <!-- main-panel-header rounded-window-top -->
          <div class="main-panel-content rounded-window-bottom">
          </div> <!-- main-panel-content rounded-window-bottom -->
        </div> <!-- panel -->
        <div panel-name="ignored-methods-Hero_App" class="panel">
          <div class="main-panel-header rounded-window-top">
            <span class="header-content">0 ignored methods</span>
          </div> <!-- main-panel-header rounded-window-top -->
          <div class="main-panel-content rounded-window-bottom">
          </div> <!-- main-panel-content rounded-window-bottom -->
        </div> <!-- panel -->
        <div panel-name="chronological-Hero_App" class="panel">
          <div class="main-panel-header rounded-window-top">
            <span class="header-content">Methods in chronological order</span>
          </div> <!-- main-panel-header rounded-window-top -->
          <div class="main-panel-content rounded-window-bottom">
            <div class="chronological-class">
              <div class="chronological-class-name">Page_Test.Home_Page_Test</div> <!-- chronological-class-name -->
              <div class="configuration-test before">
                <span class="method-name">OPEN_AND_INSTALL_APP</span>
                <span class="method-start">0 ms</span>
              </div> <!-- configuration-test before -->
              <div class="test-method">
                <span class="method-name">TC019_Home_page_verify</span>
                <span class="method-start">113950 ms</span>
              </div> <!-- test-method -->
              <div class="test-method">
                <span class="method-name">TC020_verify_SOS</span>
                <span class="method-start">296171 ms</span>
              </div> <!-- test-method -->
              <div class="test-method">
                <span class="method-name">TC021_verify_Navigate</span>
                <span class="method-start">340002 ms</span>
              </div> <!-- test-method -->
              <div class="test-method">
                <span class="method-name">TC022_verify_Exchange</span>
                <span class="method-start">381915 ms</span>
              </div> <!-- test-method -->
              <div class="test-method">
                <span class="method-name">TC023_verify_Vehicle_details</span>
                <span class="method-start">428223 ms</span>
              </div> <!-- test-method -->
              <div class="test-method">
                <span class="method-name">TC024_verify_Vehicle_condition</span>
                <span class="method-start">457107 ms</span>
              </div> <!-- test-method -->
              <div class="test-method">
                <span class="method-name">TC025_verify_Vehicle_valution</span>
                <span class="method-start">516847 ms</span>
              </div> <!-- test-method -->
              <div class="test-method">
                <span class="method-name">TC026_Verify_RC_Documents</span>
                <span class="method-start">643854 ms</span>
              </div> <!-- test-method -->
              <div class="test-method">
                <span class="method-name">TC027_Verify_Insurance_Documents</span>
                <span class="method-start">702539 ms</span>
              </div> <!-- test-method -->
              <div class="test-method">
                <span class="method-name">TC028_Verify_PUC_Documents</span>
                <span class="method-start">751909 ms</span>
              </div> <!-- test-method -->
              <div class="test-method">
                <span class="method-name">TC029_Verify_Challans_Documents</span>
                <span class="method-start">790678 ms</span>
              </div> <!-- test-method -->
              <div class="test-method">
                <span class="method-name">TC030_Verify_Relationship_Manager</span>
                <span class="method-start">806937 ms</span>
              </div> <!-- test-method -->
              <div class="test-method">
                <span class="method-name">TC031_Verify_RSA</span>
                <span class="method-start">833735 ms</span>
              </div> <!-- test-method -->
              <div class="test-method">
                <span class="method-name">TC032_Renew_RSA</span>
                <span class="method-start">1152873 ms</span>
              </div> <!-- test-method -->
              <div class="test-method">
                <span class="method-name">TC033_frequently_asked_questions</span>
                <span class="method-start">1184629 ms</span>
              </div> <!-- test-method -->
              <div class="test-method">
                <span class="method-name">TC034_Verify_Technical_Support_Manager</span>
                <span class="method-start">1212791 ms</span>
              </div> <!-- test-method -->
              <div class="test-method">
                <span class="method-name">TC035_Verify_Dealer_Locator</span>
                <span class="method-start">1249013 ms</span>
              </div> <!-- test-method -->
              <div class="test-method">
                <span class="method-name">TC037_View_dealer_name_and_address</span>
                <span class="method-start">1260198 ms</span>
              </div> <!-- test-method -->
              <div class="test-method">
                <span class="method-name">TC038_verify_Service_at_home_page</span>
                <span class="method-start">1281211 ms</span>
              </div> <!-- test-method -->
              <div class="test-method">
                <img src="failed.png">
                </img>
                <span class="method-name">TC039_Helmets_in_PAM</span>
                <span class="method-start">1295464 ms</span>
              </div> <!-- test-method -->
              <div class="test-method">
                <img src="failed.png">
                </img>
                <span class="method-name">TC040_Lubricant_in_PAM</span>
                <span class="method-start">1345882 ms</span>
              </div> <!-- test-method -->
              <div class="test-method">
                <img src="failed.png">
                </img>
                <span class="method-name">TC041_Merchandise_in_PAM</span>
                <span class="method-start">1398202 ms</span>
              </div> <!-- test-method -->
              <div class="test-method">
                <img src="failed.png">
                </img>
                <span class="method-name">TC042_Accessories_in_PAM</span>
                <span class="method-start">1450552 ms</span>
              </div> <!-- test-method -->
              <div class="test-method">
                <img src="failed.png">
                </img>
                <span class="method-name">TC043_View_All_Accessories_in_PAM</span>
                <span class="method-start">1502423 ms</span>
              </div> <!-- test-method -->
              <div class="test-method">
                <img src="failed.png">
                </img>
                <span class="method-name">TC044_verify_Check_Out_at_home_page</span>
                <span class="method-start">1534857 ms</span>
              </div> <!-- test-method -->
              <div class="test-method">
                <img src="failed.png">
                </img>
                <span class="method-name">TC045_verify_Benifits_Vehicle_Exchange</span>
                <span class="method-start">1588586 ms</span>
              </div> <!-- test-method -->
              <div class="configuration-test after">
                <span class="method-name">tear_Down</span>
                <span class="method-start">1615960 ms</span>
              </div> <!-- configuration-test after -->
          </div> <!-- main-panel-content rounded-window-bottom -->
        </div> <!-- panel -->
      </div> <!-- main-panel-root -->
    </div> <!-- wrapper -->
  </body>
<script type="text/javascript" src="testng-reports2.js"></script>
</html>
